cl : Command line warning D9002: ignoring unknown option '/Gw'
cl : Command line warning D9002: ignoring unknown option '/Gw'
  gamepadui_achievements.cpp
cl : Command line warning D9002: ignoring unknown option '/Gw'
  gamepadui_basepanel.cpp
cl : Command line warning D9002: ignoring unknown option '/Gw'
  gamepadui_button.cpp
cl : Command line warning D9002: ignoring unknown option '/Gw'
cl : Command line warning D9002: ignoring unknown option '/Gw'
  gamepadui_frame.cpp
  gamepadui_genericconfirmation.cpp
cl : Command line warning D9002: ignoring unknown option '/Gw'
cl : Command line warning D9002: ignoring unknown option '/Gw'
  gamepadui_interface.cpp
cl : Command line warning D9002: ignoring unknown option '/Gw'
  gamepadui_mainmenu.cpp
  gamepadui_newgame.cpp
cl : Command line warning D9002: ignoring unknown option '/Gw'
cl : Command line warning D9002: ignoring unknown option '/Gw'
  gamepadui_options.cpp
  gamepadui_savegame.cpp
cl : Command line warning D9002: ignoring unknown option '/Gw'
  gamepadui_util.cpp
d:\source-sdk-2011\src\game\gamepadui\gamepadui_gradient_helper.h(73): error C2059: syntax error : '{'
d:\source-sdk-2011\src\game\gamepadui\gamepadui_gradient_helper.h(73): error C2143: syntax error : missing ';' before '{'
d:\source-sdk-2011\src\game\gamepadui\gamepadui_gradient_helper.h(73): error C2059: syntax error : '{'
d:\source-sdk-2011\src\game\gamepadui\gamepadui_gradient_helper.h(73): error C2143: syntax error : missing ';' before '{'
d:\source-sdk-2011\src\game\gamepadui\gamepadui_gradient_helper.h(73): error C2059: syntax error : '{'
d:\source-sdk-2011\src\game\gamepadui\gamepadui_gradient_helper.h(73): error C2143: syntax error : missing ';' before '{'
d:\source-sdk-2011\src\game\gamepadui\gamepadui_gradient_helper.h(73): error C2059: syntax error : '{'
d:\source-sdk-2011\src\game\gamepadui\gamepadui_gradient_helper.h(73): error C2143: syntax error : missing ';' before '{'
d:\source-sdk-2011\src\game\gamepadui\gamepadui_gradient_helper.h(73): error C2059: syntax error : '{'
d:\source-sdk-2011\src\game\gamepadui\gamepadui_gradient_helper.h(73): error C2143: syntax error : missing ';' before '{'
d:\source-sdk-2011\src\game\gamepadui\gamepadui_gradient_helper.h(73): error C2059: syntax error : '{'
d:\source-sdk-2011\src\game\gamepadui\gamepadui_gradient_helper.h(73): error C2143: syntax error : missing ';' before '{'
d:\source-sdk-2011\src\game\gamepadui\gamepadui_gradient_helper.h(73): error C2059: syntax error : '{'
d:\source-sdk-2011\src\game\gamepadui\gamepadui_gradient_helper.h(73): error C2143: syntax error : missing ';' before '{'
d:\source-sdk-2011\src\game\gamepadui\gamepadui_gradient_helper.h(73): error C2059: syntax error : '{'
d:\source-sdk-2011\src\game\gamepadui\gamepadui_gradient_helper.h(73): error C2143: syntax error : missing ';' before '{'
d:\source-sdk-2011\src\game\gamepadui\gamepadui_gradient_helper.h(73): error C2059: syntax error : '{'
d:\source-sdk-2011\src\game\gamepadui\gamepadui_gradient_helper.h(73): error C2143: syntax error : missing ';' before '{'
d:\source-sdk-2011\src\game\gamepadui\gamepadui_gradient_helper.h(73): error C2059: syntax error : '{'
d:\source-sdk-2011\src\game\gamepadui\gamepadui_gradient_helper.h(73): error C2143: syntax error : missing ';' before '{'
d:\source-sdk-2011\src\game\gamepadui\gamepadui_gradient_helper.h(73): error C2059: syntax error : '{'
d:\source-sdk-2011\src\game\gamepadui\gamepadui_gradient_helper.h(73): error C2143: syntax error : missing ';' before '{'
c:\program files (x86)\microsoft visual studio 10.0\vc\include\stdint.h(72): warning C4005: 'INT8_MIN' : macro redefinition
          d:\source-sdk-2011\src\public\tier0\platform.h(291) : see previous definition of 'INT8_MIN'
c:\program files (x86)\microsoft visual studio 10.0\vc\include\stdint.h(73): warning C4005: 'INT16_MIN' : macro redefinition
          d:\source-sdk-2011\src\public\tier0\platform.h(292) : see previous definition of 'INT16_MIN'
c:\program files (x86)\microsoft visual studio 10.0\vc\include\stdint.h(74): warning C4005: 'INT32_MIN' : macro redefinition
          d:\source-sdk-2011\src\public\tier0\platform.h(293) : see previous definition of 'INT32_MIN'
c:\program files (x86)\microsoft visual studio 10.0\vc\include\stdint.h(76): warning C4005: 'INT8_MAX' : macro redefinition
          d:\source-sdk-2011\src\public\tier0\platform.h(286) : see previous definition of 'INT8_MAX'
c:\program files (x86)\microsoft visual studio 10.0\vc\include\stdint.h(77): warning C4005: 'INT16_MAX' : macro redefinition
          d:\source-sdk-2011\src\public\tier0\platform.h(287) : see previous definition of 'INT16_MAX'
c:\program files (x86)\microsoft visual studio 10.0\vc\include\stdint.h(78): warning C4005: 'INT32_MAX' : macro redefinition
          d:\source-sdk-2011\src\public\tier0\platform.h(288) : see previous definition of 'INT32_MAX'
c:\program files (x86)\microsoft visual studio 10.0\vc\include\stdint.h(79): warning C4005: 'UINT8_MAX' : macro redefinition
          d:\source-sdk-2011\src\public\tier0\platform.h(296) : see previous definition of 'UINT8_MAX'
c:\program files (x86)\microsoft visual studio 10.0\vc\include\stdint.h(80): warning C4005: 'UINT16_MAX' : macro redefinition
          d:\source-sdk-2011\src\public\tier0\platform.h(297) : see previous definition of 'UINT16_MAX'
c:\program files (x86)\microsoft visual studio 10.0\vc\include\stdint.h(81): warning C4005: 'UINT32_MAX' : macro redefinition
          d:\source-sdk-2011\src\public\tier0\platform.h(298) : see previous definition of 'UINT32_MAX'
c:\program files (x86)\microsoft visual studio 10.0\vc\include\stdint.h(149): warning C4005: 'INT64_MIN' : macro redefinition
          d:\source-sdk-2011\src\public\tier0\platform.h(294) : see previous definition of 'INT64_MIN'
c:\program files (x86)\microsoft visual studio 10.0\vc\include\stdint.h(150): warning C4005: 'INT64_MAX' : macro redefinition
          d:\source-sdk-2011\src\public\tier0\platform.h(289) : see previous definition of 'INT64_MAX'
c:\program files (x86)\microsoft visual studio 10.0\vc\include\stdint.h(151): warning C4005: 'UINT64_MAX' : macro redefinition
          d:\source-sdk-2011\src\public\tier0\platform.h(299) : see previous definition of 'UINT64_MAX'
c:\program files (x86)\microsoft visual studio 10.0\vc\include\stdint.h(72): warning C4005: 'INT8_MIN' : macro redefinition
          d:\source-sdk-2011\src\public\tier0\platform.h(291) : see previous definition of 'INT8_MIN'
c:\program files (x86)\microsoft visual studio 10.0\vc\include\stdint.h(73): warning C4005: 'INT16_MIN' : macro redefinition
          d:\source-sdk-2011\src\public\tier0\platform.h(292) : see previous definition of 'INT16_MIN'
c:\program files (x86)\microsoft visual studio 10.0\vc\include\stdint.h(74): warning C4005: 'INT32_MIN' : macro redefinition
          d:\source-sdk-2011\src\public\tier0\platform.h(293) : see previous definition of 'INT32_MIN'
c:\program files (x86)\microsoft visual studio 10.0\vc\include\stdint.h(76): warning C4005: 'INT8_MAX' : macro redefinition
          d:\source-sdk-2011\src\public\tier0\platform.h(286) : see previous definition of 'INT8_MAX'
c:\program files (x86)\microsoft visual studio 10.0\vc\include\stdint.h(77): warning C4005: 'INT16_MAX' : macro redefinition
          d:\source-sdk-2011\src\public\tier0\platform.h(287) : see previous definition of 'INT16_MAX'
c:\program files (x86)\microsoft visual studio 10.0\vc\include\stdint.h(78): warning C4005: 'INT32_MAX' : macro redefinition
          d:\source-sdk-2011\src\public\tier0\platform.h(288) : see previous definition of 'INT32_MAX'
c:\program files (x86)\microsoft visual studio 10.0\vc\include\stdint.h(79): warning C4005: 'UINT8_MAX' : macro redefinition
          d:\source-sdk-2011\src\public\tier0\platform.h(296) : see previous definition of 'UINT8_MAX'
c:\program files (x86)\microsoft visual studio 10.0\vc\include\stdint.h(80): warning C4005: 'UINT16_MAX' : macro redefinition
          d:\source-sdk-2011\src\public\tier0\platform.h(297) : see previous definition of 'UINT16_MAX'
c:\program files (x86)\microsoft visual studio 10.0\vc\include\stdint.h(81): warning C4005: 'UINT32_MAX' : macro redefinition
          d:\source-sdk-2011\src\public\tier0\platform.h(298) : see previous definition of 'UINT32_MAX'
c:\program files (x86)\microsoft visual studio 10.0\vc\include\stdint.h(149): warning C4005: 'INT64_MIN' : macro redefinition
          d:\source-sdk-2011\src\public\tier0\platform.h(294) : see previous definition of 'INT64_MIN'
c:\program files (x86)\microsoft visual studio 10.0\vc\include\stdint.h(150): warning C4005: 'INT64_MAX' : macro redefinition
          d:\source-sdk-2011\src\public\tier0\platform.h(289) : see previous definition of 'INT64_MAX'
c:\program files (x86)\microsoft visual studio 10.0\vc\include\stdint.h(151): warning C4005: 'UINT64_MAX' : macro redefinition
          d:\source-sdk-2011\src\public\tier0\platform.h(299) : see previous definition of 'UINT64_MAX'
d:\source-sdk-2011\src\game\gamepadui\gamepadui_interface.h(41): warning C4481: nonstandard extension used: override specifier 'override'
d:\source-sdk-2011\src\game\gamepadui\gamepadui_interface.h(42): warning C4481: nonstandard extension used: override specifier 'override'
d:\source-sdk-2011\src\game\gamepadui\gamepadui_interface.h(44): warning C4481: nonstandard extension used: override specifier 'override'
d:\source-sdk-2011\src\game\gamepadui\gamepadui_interface.h(45): warning C4481: nonstandard extension used: override specifier 'override'
d:\source-sdk-2011\src\game\gamepadui\gamepadui_interface.h(46): warning C4481: nonstandard extension used: override specifier 'override'
d:\source-sdk-2011\src\game\gamepadui\gamepadui_interface.h(47): warning C4481: nonstandard extension used: override specifier 'override'
c:\program files (x86)\microsoft visual studio 10.0\vc\include\stdint.h(72): warning C4005: 'INT8_MIN' : macro redefinition
          d:\source-sdk-2011\src\public\tier0\platform.h(291) : see previous definition of 'INT8_MIN'
c:\program files (x86)\microsoft visual studio 10.0\vc\include\stdint.h(73): warning C4005: 'INT16_MIN' : macro redefinition
          d:\source-sdk-2011\src\public\tier0\platform.h(292) : see previous definition of 'INT16_MIN'
c:\program files (x86)\microsoft visual studio 10.0\vc\include\stdint.h(74): warning C4005: 'INT32_MIN' : macro redefinition
          d:\source-sdk-2011\src\public\tier0\platform.h(293) : see previous definition of 'INT32_MIN'
c:\program files (x86)\microsoft visual studio 10.0\vc\include\stdint.h(76): warning C4005: 'INT8_MAX' : macro redefinition
          d:\source-sdk-2011\src\public\tier0\platform.h(286) : see previous definition of 'INT8_MAX'
c:\program files (x86)\microsoft visual studio 10.0\vc\include\stdint.h(77): warning C4005: 'INT16_MAX' : macro redefinition
          d:\source-sdk-2011\src\public\tier0\platform.h(287) : see previous definition of 'INT16_MAX'
c:\program files (x86)\microsoft visual studio 10.0\vc\include\stdint.h(78): warning C4005: 'INT32_MAX' : macro redefinition
          d:\source-sdk-2011\src\public\tier0\platform.h(288) : see previous definition of 'INT32_MAX'
c:\program files (x86)\microsoft visual studio 10.0\vc\include\stdint.h(79): warning C4005: 'UINT8_MAX' : macro redefinition
          d:\source-sdk-2011\src\public\tier0\platform.h(296) : see previous definition of 'UINT8_MAX'
c:\program files (x86)\microsoft visual studio 10.0\vc\include\stdint.h(80): warning C4005: 'UINT16_MAX' : macro redefinition
          d:\source-sdk-2011\src\public\tier0\platform.h(297) : see previous definition of 'UINT16_MAX'
c:\program files (x86)\microsoft visual studio 10.0\vc\include\stdint.h(81): warning C4005: 'UINT32_MAX' : macro redefinition
          d:\source-sdk-2011\src\public\tier0\platform.h(298) : see previous definition of 'UINT32_MAX'
c:\program files (x86)\microsoft visual studio 10.0\vc\include\stdint.h(149): warning C4005: 'INT64_MIN' : macro redefinition
          d:\source-sdk-2011\src\public\tier0\platform.h(294) : see previous definition of 'INT64_MIN'
c:\program files (x86)\microsoft visual studio 10.0\vc\include\stdint.h(150): warning C4005: 'INT64_MAX' : macro redefinition
          d:\source-sdk-2011\src\public\tier0\platform.h(289) : see previous definition of 'INT64_MAX'
c:\program files (x86)\microsoft visual studio 10.0\vc\include\stdint.h(151): warning C4005: 'UINT64_MAX' : macro redefinition
          d:\source-sdk-2011\src\public\tier0\platform.h(299) : see previous definition of 'UINT64_MAX'
c:\program files (x86)\microsoft visual studio 10.0\vc\include\stdint.h(72): warning C4005: 'INT8_MIN' : macro redefinition
          d:\source-sdk-2011\src\public\tier0\platform.h(291) : see previous definition of 'INT8_MIN'
c:\program files (x86)\microsoft visual studio 10.0\vc\include\stdint.h(73): warning C4005: 'INT16_MIN' : macro redefinition
          d:\source-sdk-2011\src\public\tier0\platform.h(292) : see previous definition of 'INT16_MIN'
c:\program files (x86)\microsoft visual studio 10.0\vc\include\stdint.h(74): warning C4005: 'INT32_MIN' : macro redefinition
          d:\source-sdk-2011\src\public\tier0\platform.h(293) : see previous definition of 'INT32_MIN'
c:\program files (x86)\microsoft visual studio 10.0\vc\include\stdint.h(76): warning C4005: 'INT8_MAX' : macro redefinition
          d:\source-sdk-2011\src\public\tier0\platform.h(286) : see previous definition of 'INT8_MAX'
c:\program files (x86)\microsoft visual studio 10.0\vc\include\stdint.h(77): warning C4005: 'INT16_MAX' : macro redefinition
          d:\source-sdk-2011\src\public\tier0\platform.h(287) : see previous definition of 'INT16_MAX'
c:\program files (x86)\microsoft visual studio 10.0\vc\include\stdint.h(78): warning C4005: 'INT32_MAX' : macro redefinition
          d:\source-sdk-2011\src\public\tier0\platform.h(288) : see previous definition of 'INT32_MAX'
c:\program files (x86)\microsoft visual studio 10.0\vc\include\stdint.h(79): warning C4005: 'UINT8_MAX' : macro redefinition
          d:\source-sdk-2011\src\public\tier0\platform.h(296) : see previous definition of 'UINT8_MAX'
c:\program files (x86)\microsoft visual studio 10.0\vc\include\stdint.h(80): warning C4005: 'UINT16_MAX' : macro redefinition
          d:\source-sdk-2011\src\public\tier0\platform.h(297) : see previous definition of 'UINT16_MAX'
c:\program files (x86)\microsoft visual studio 10.0\vc\include\stdint.h(81): warning C4005: 'UINT32_MAX' : macro redefinition
          d:\source-sdk-2011\src\public\tier0\platform.h(298) : see previous definition of 'UINT32_MAX'
c:\program files (x86)\microsoft visual studio 10.0\vc\include\stdint.h(149): warning C4005: 'INT64_MIN' : macro redefinition
          d:\source-sdk-2011\src\public\tier0\platform.h(294) : see previous definition of 'INT64_MIN'
c:\program files (x86)\microsoft visual studio 10.0\vc\include\stdint.h(150): warning C4005: 'INT64_MAX' : macro redefinition
          d:\source-sdk-2011\src\public\tier0\platform.h(289) : see previous definition of 'INT64_MAX'
c:\program files (x86)\microsoft visual studio 10.0\vc\include\stdint.h(151): warning C4005: 'UINT64_MAX' : macro redefinition
          d:\source-sdk-2011\src\public\tier0\platform.h(299) : see previous definition of 'UINT64_MAX'
d:\source-sdk-2011\src\game\gamepadui\gamepadui_panel.h(51): error C2143: syntax error : missing ')' before '{'
d:\source-sdk-2011\src\game\gamepadui\gamepadui_panel.h(51): error C2143: syntax error : missing ';' before '{'
d:\source-sdk-2011\src\game\gamepadui\gamepadui_panel.h(51): error C2143: syntax error : missing ';' before '}'
d:\source-sdk-2011\src\game\gamepadui\gamepadui_panel.h(51): error C2059: syntax error : ')'
d:\source-sdk-2011\src\game\gamepadui\gamepadui_panel.h(90): warning C4482: nonstandard extension used: enum 'SchemeValueTypes::SchemeValueType' used in qualified name
c:\program files (x86)\microsoft visual studio 10.0\vc\include\stdint.h(72): warning C4005: 'INT8_MIN' : macro redefinition
          d:\source-sdk-2011\src\public\tier0\platform.h(291) : see previous definition of 'INT8_MIN'
c:\program files (x86)\microsoft visual studio 10.0\vc\include\stdint.h(73): warning C4005: 'INT16_MIN' : macro redefinition
          d:\source-sdk-2011\src\public\tier0\platform.h(292) : see previous definition of 'INT16_MIN'
c:\program files (x86)\microsoft visual studio 10.0\vc\include\stdint.h(74): warning C4005: 'INT32_MIN' : macro redefinition
          d:\source-sdk-2011\src\public\tier0\platform.h(293) : see previous definition of 'INT32_MIN'
c:\program files (x86)\microsoft visual studio 10.0\vc\include\stdint.h(76): warning C4005: 'INT8_MAX' : macro redefinition
          d:\source-sdk-2011\src\public\tier0\platform.h(286) : see previous definition of 'INT8_MAX'
c:\program files (x86)\microsoft visual studio 10.0\vc\include\stdint.h(77): warning C4005: 'INT16_MAX' : macro redefinition
          d:\source-sdk-2011\src\public\tier0\platform.h(287) : see previous definition of 'INT16_MAX'
c:\program files (x86)\microsoft visual studio 10.0\vc\include\stdint.h(78): warning C4005: 'INT32_MAX' : macro redefinition
          d:\source-sdk-2011\src\public\tier0\platform.h(288) : see previous definition of 'INT32_MAX'
c:\program files (x86)\microsoft visual studio 10.0\vc\include\stdint.h(79): warning C4005: 'UINT8_MAX' : macro redefinition
          d:\source-sdk-2011\src\public\tier0\platform.h(296) : see previous definition of 'UINT8_MAX'
c:\program files (x86)\microsoft visual studio 10.0\vc\include\stdint.h(80): warning C4005: 'UINT16_MAX' : macro redefinition
          d:\source-sdk-2011\src\public\tier0\platform.h(297) : see previous definition of 'UINT16_MAX'
c:\program files (x86)\microsoft visual studio 10.0\vc\include\stdint.h(81): warning C4005: 'UINT32_MAX' : macro redefinition
          d:\source-sdk-2011\src\public\tier0\platform.h(298) : see previous definition of 'UINT32_MAX'
c:\program files (x86)\microsoft visual studio 10.0\vc\include\stdint.h(149): warning C4005: 'INT64_MIN' : macro redefinition
          d:\source-sdk-2011\src\public\tier0\platform.h(294) : see previous definition of 'INT64_MIN'
c:\program files (x86)\microsoft visual studio 10.0\vc\include\stdint.h(150): warning C4005: 'INT64_MAX' : macro redefinition
          d:\source-sdk-2011\src\public\tier0\platform.h(289) : see previous definition of 'INT64_MAX'
c:\program files (x86)\microsoft visual studio 10.0\vc\include\stdint.h(151): warning C4005: 'UINT64_MAX' : macro redefinition
          d:\source-sdk-2011\src\public\tier0\platform.h(299) : see previous definition of 'UINT64_MAX'
d:\source-sdk-2011\src\game\gamepadui\gamepadui_interface.h(41): warning C4481: nonstandard extension used: override specifier 'override'
d:\source-sdk-2011\src\game\gamepadui\gamepadui_interface.h(42): warning C4481: nonstandard extension used: override specifier 'override'
d:\source-sdk-2011\src\game\gamepadui\gamepadui_interface.h(44): warning C4481: nonstandard extension used: override specifier 'override'
d:\source-sdk-2011\src\game\gamepadui\gamepadui_interface.h(45): warning C4481: nonstandard extension used: override specifier 'override'
d:\source-sdk-2011\src\game\gamepadui\gamepadui_interface.h(46): warning C4481: nonstandard extension used: override specifier 'override'
d:\source-sdk-2011\src\game\gamepadui\gamepadui_interface.h(47): warning C4481: nonstandard extension used: override specifier 'override'
c:\program files (x86)\microsoft visual studio 10.0\vc\include\stdint.h(72): warning C4005: 'INT8_MIN' : macro redefinition
          d:\source-sdk-2011\src\public\tier0\platform.h(291) : see previous definition of 'INT8_MIN'
c:\program files (x86)\microsoft visual studio 10.0\vc\include\stdint.h(73): warning C4005: 'INT16_MIN' : macro redefinition
          d:\source-sdk-2011\src\public\tier0\platform.h(292) : see previous definition of 'INT16_MIN'
c:\program files (x86)\microsoft visual studio 10.0\vc\include\stdint.h(74): warning C4005: 'INT32_MIN' : macro redefinition
          d:\source-sdk-2011\src\public\tier0\platform.h(293) : see previous definition of 'INT32_MIN'
c:\program files (x86)\microsoft visual studio 10.0\vc\include\stdint.h(76): warning C4005: 'INT8_MAX' : macro redefinition
          d:\source-sdk-2011\src\public\tier0\platform.h(286) : see previous definition of 'INT8_MAX'
c:\program files (x86)\microsoft visual studio 10.0\vc\include\stdint.h(77): warning C4005: 'INT16_MAX' : macro redefinition
          d:\source-sdk-2011\src\public\tier0\platform.h(287) : see previous definition of 'INT16_MAX'
c:\program files (x86)\microsoft visual studio 10.0\vc\include\stdint.h(78): warning C4005: 'INT32_MAX' : macro redefinition
          d:\source-sdk-2011\src\public\tier0\platform.h(288) : see previous definition of 'INT32_MAX'
c:\program files (x86)\microsoft visual studio 10.0\vc\include\stdint.h(79): warning C4005: 'UINT8_MAX' : macro redefinition
          d:\source-sdk-2011\src\public\tier0\platform.h(296) : see previous definition of 'UINT8_MAX'
c:\program files (x86)\microsoft visual studio 10.0\vc\include\stdint.h(80): warning C4005: 'UINT16_MAX' : macro redefinition
          d:\source-sdk-2011\src\public\tier0\platform.h(297) : see previous definition of 'UINT16_MAX'
c:\program files (x86)\microsoft visual studio 10.0\vc\include\stdint.h(81): warning C4005: 'UINT32_MAX' : macro redefinition
          d:\source-sdk-2011\src\public\tier0\platform.h(298) : see previous definition of 'UINT32_MAX'
c:\program files (x86)\microsoft visual studio 10.0\vc\include\stdint.h(149): warning C4005: 'INT64_MIN' : macro redefinition
          d:\source-sdk-2011\src\public\tier0\platform.h(294) : see previous definition of 'INT64_MIN'
c:\program files (x86)\microsoft visual studio 10.0\vc\include\stdint.h(150): warning C4005: 'INT64_MAX' : macro redefinition
          d:\source-sdk-2011\src\public\tier0\platform.h(289) : see previous definition of 'INT64_MAX'
c:\program files (x86)\microsoft visual studio 10.0\vc\include\stdint.h(151): warning C4005: 'UINT64_MAX' : macro redefinition
          d:\source-sdk-2011\src\public\tier0\platform.h(299) : see previous definition of 'UINT64_MAX'
d:\source-sdk-2011\src\game\gamepadui\gamepadui_basepanel.h(18): warning C4481: nonstandard extension used: override specifier 'override'
d:\source-sdk-2011\src\game\gamepadui\gamepadui_interface.h(41): warning C4481: nonstandard extension used: override specifier 'override'
d:\source-sdk-2011\src\game\gamepadui\gamepadui_interface.h(42): warning C4481: nonstandard extension used: override specifier 'override'
d:\source-sdk-2011\src\game\gamepadui\gamepadui_interface.h(44): warning C4481: nonstandard extension used: override specifier 'override'
d:\source-sdk-2011\src\game\gamepadui\gamepadui_interface.h(45): warning C4481: nonstandard extension used: override specifier 'override'
d:\source-sdk-2011\src\game\gamepadui\gamepadui_interface.h(46): warning C4481: nonstandard extension used: override specifier 'override'
d:\source-sdk-2011\src\game\gamepadui\gamepadui_interface.h(47): warning C4481: nonstandard extension used: override specifier 'override'
d:\source-sdk-2011\src\game\gamepadui\gamepadui_interface.h(41): warning C4481: nonstandard extension used: override specifier 'override'
d:\source-sdk-2011\src\game\gamepadui\gamepadui_interface.h(42): warning C4481: nonstandard extension used: override specifier 'override'
d:\source-sdk-2011\src\game\gamepadui\gamepadui_interface.h(44): warning C4481: nonstandard extension used: override specifier 'override'
d:\source-sdk-2011\src\game\gamepadui\gamepadui_interface.h(45): warning C4481: nonstandard extension used: override specifier 'override'
d:\source-sdk-2011\src\game\gamepadui\gamepadui_interface.h(46): warning C4481: nonstandard extension used: override specifier 'override'
d:\source-sdk-2011\src\game\gamepadui\gamepadui_interface.h(47): warning C4481: nonstandard extension used: override specifier 'override'
c:\program files (x86)\microsoft visual studio 10.0\vc\include\stdint.h(72): warning C4005: 'INT8_MIN' : macro redefinition
          d:\source-sdk-2011\src\public\tier0\platform.h(291) : see previous definition of 'INT8_MIN'
c:\program files (x86)\microsoft visual studio 10.0\vc\include\stdint.h(73): warning C4005: 'INT16_MIN' : macro redefinition
          d:\source-sdk-2011\src\public\tier0\platform.h(292) : see previous definition of 'INT16_MIN'
c:\program files (x86)\microsoft visual studio 10.0\vc\include\stdint.h(74): warning C4005: 'INT32_MIN' : macro redefinition
          d:\source-sdk-2011\src\public\tier0\platform.h(293) : see previous definition of 'INT32_MIN'
d:\source-sdk-2011\src\game\gamepadui\gamepadui_panel.h(51): error C2143: syntax error : missing ')' before '{'
d:\source-sdk-2011\src\game\gamepadui\gamepadui_panel.h(51): error C2143: syntax error : missing ')' before '{'
d:\source-sdk-2011\src\game\gamepadui\gamepadui_panel.h(51): error C2143: syntax error : missing ';' before '{'
c:\program files (x86)\microsoft visual studio 10.0\vc\include\stdint.h(76): warning C4005: 'INT8_MAX' : macro redefinition
          d:\source-sdk-2011\src\public\tier0\platform.h(286) : see previous definition of 'INT8_MAX'
d:\source-sdk-2011\src\game\gamepadui\gamepadui_panel.h(51): error C2143: syntax error : missing ';' before '{'
d:\source-sdk-2011\src\game\gamepadui\gamepadui_panel.h(51): error C2143: syntax error : missing ';' before '}'
c:\program files (x86)\microsoft visual studio 10.0\vc\include\stdint.h(77): warning C4005: 'INT16_MAX' : macro redefinition
          d:\source-sdk-2011\src\public\tier0\platform.h(287) : see previous definition of 'INT16_MAX'
c:\program files (x86)\microsoft visual studio 10.0\vc\include\stdint.h(72): warning C4005: 'INT8_MIN' : macro redefinition
          d:\source-sdk-2011\src\public\tier0\platform.h(291) : see previous definition of 'INT8_MIN'
d:\source-sdk-2011\src\game\gamepadui\gamepadui_panel.h(51): error C2143: syntax error : missing ';' before '}'
d:\source-sdk-2011\src\game\gamepadui\gamepadui_panel.h(51): error C2059: syntax error : ')'
c:\program files (x86)\microsoft visual studio 10.0\vc\include\stdint.h(78): warning C4005: 'INT32_MAX' : macro redefinition
          d:\source-sdk-2011\src\public\tier0\platform.h(288) : see previous definition of 'INT32_MAX'
c:\program files (x86)\microsoft visual studio 10.0\vc\include\stdint.h(73): warning C4005: 'INT16_MIN' : macro redefinition
          d:\source-sdk-2011\src\public\tier0\platform.h(292) : see previous definition of 'INT16_MIN'
d:\source-sdk-2011\src\game\gamepadui\gamepadui_panel.h(51): error C2059: syntax error : ')'
c:\program files (x86)\microsoft visual studio 10.0\vc\include\stdint.h(79): warning C4005: 'UINT8_MAX' : macro redefinition
          d:\source-sdk-2011\src\public\tier0\platform.h(296) : see previous definition of 'UINT8_MAX'
c:\program files (x86)\microsoft visual studio 10.0\vc\include\stdint.h(74): warning C4005: 'INT32_MIN' : macro redefinition
          d:\source-sdk-2011\src\public\tier0\platform.h(293) : see previous definition of 'INT32_MIN'
c:\program files (x86)\microsoft visual studio 10.0\vc\include\stdint.h(80): warning C4005: 'UINT16_MAX' : macro redefinition
          d:\source-sdk-2011\src\public\tier0\platform.h(297) : see previous definition of 'UINT16_MAX'
d:\source-sdk-2011\src\game\gamepadui\gamepadui_panel.h(90): warning C4482: nonstandard extension used: enum 'SchemeValueTypes::SchemeValueType' used in qualified name
c:\program files (x86)\microsoft visual studio 10.0\vc\include\stdint.h(76): warning C4005: 'INT8_MAX' : macro redefinition
          d:\source-sdk-2011\src\public\tier0\platform.h(286) : see previous definition of 'INT8_MAX'
c:\program files (x86)\microsoft visual studio 10.0\vc\include\stdint.h(81): warning C4005: 'UINT32_MAX' : macro redefinition
          d:\source-sdk-2011\src\public\tier0\platform.h(298) : see previous definition of 'UINT32_MAX'
d:\source-sdk-2011\src\game\gamepadui\gamepadui_panel.h(90): warning C4482: nonstandard extension used: enum 'SchemeValueTypes::SchemeValueType' used in qualified name
c:\program files (x86)\microsoft visual studio 10.0\vc\include\stdint.h(77): warning C4005: 'INT16_MAX' : macro redefinition
          d:\source-sdk-2011\src\public\tier0\platform.h(287) : see previous definition of 'INT16_MAX'
c:\program files (x86)\microsoft visual studio 10.0\vc\include\stdint.h(149): warning C4005: 'INT64_MIN' : macro redefinition
          d:\source-sdk-2011\src\public\tier0\platform.h(294) : see previous definition of 'INT64_MIN'
c:\program files (x86)\microsoft visual studio 10.0\vc\include\stdint.h(78): warning C4005: 'INT32_MAX' : macro redefinition
          d:\source-sdk-2011\src\public\tier0\platform.h(288) : see previous definition of 'INT32_MAX'
c:\program files (x86)\microsoft visual studio 10.0\vc\include\stdint.h(150): warning C4005: 'INT64_MAX' : macro redefinition
          d:\source-sdk-2011\src\public\tier0\platform.h(289) : see previous definition of 'INT64_MAX'
c:\program files (x86)\microsoft visual studio 10.0\vc\include\stdint.h(79): warning C4005: 'UINT8_MAX' : macro redefinition
          d:\source-sdk-2011\src\public\tier0\platform.h(296) : see previous definition of 'UINT8_MAX'
c:\program files (x86)\microsoft visual studio 10.0\vc\include\stdint.h(151): warning C4005: 'UINT64_MAX' : macro redefinition
          d:\source-sdk-2011\src\public\tier0\platform.h(299) : see previous definition of 'UINT64_MAX'
c:\program files (x86)\microsoft visual studio 10.0\vc\include\stdint.h(80): warning C4005: 'UINT16_MAX' : macro redefinition
          d:\source-sdk-2011\src\public\tier0\platform.h(297) : see previous definition of 'UINT16_MAX'
c:\program files (x86)\microsoft visual studio 10.0\vc\include\stdint.h(81): warning C4005: 'UINT32_MAX' : macro redefinition
          d:\source-sdk-2011\src\public\tier0\platform.h(298) : see previous definition of 'UINT32_MAX'
c:\program files (x86)\microsoft visual studio 10.0\vc\include\stdint.h(149): warning C4005: 'INT64_MIN' : macro redefinition
          d:\source-sdk-2011\src\public\tier0\platform.h(294) : see previous definition of 'INT64_MIN'
c:\program files (x86)\microsoft visual studio 10.0\vc\include\stdint.h(150): warning C4005: 'INT64_MAX' : macro redefinition
          d:\source-sdk-2011\src\public\tier0\platform.h(289) : see previous definition of 'INT64_MAX'
c:\program files (x86)\microsoft visual studio 10.0\vc\include\stdint.h(151): warning C4005: 'UINT64_MAX' : macro redefinition
          d:\source-sdk-2011\src\public\tier0\platform.h(299) : see previous definition of 'UINT64_MAX'
c:\program files (x86)\microsoft visual studio 10.0\vc\include\stdint.h(72): warning C4005: 'INT8_MIN' : macro redefinition
          d:\source-sdk-2011\src\public\tier0\platform.h(291) : see previous definition of 'INT8_MIN'
c:\program files (x86)\microsoft visual studio 10.0\vc\include\stdint.h(73): warning C4005: 'INT16_MIN' : macro redefinition
          d:\source-sdk-2011\src\public\tier0\platform.h(292) : see previous definition of 'INT16_MIN'
c:\program files (x86)\microsoft visual studio 10.0\vc\include\stdint.h(74): warning C4005: 'INT32_MIN' : macro redefinition
          d:\source-sdk-2011\src\public\tier0\platform.h(293) : see previous definition of 'INT32_MIN'
c:\program files (x86)\microsoft visual studio 10.0\vc\include\stdint.h(76): warning C4005: 'INT8_MAX' : macro redefinition
          d:\source-sdk-2011\src\public\tier0\platform.h(286) : see previous definition of 'INT8_MAX'
c:\program files (x86)\microsoft visual studio 10.0\vc\include\stdint.h(77): warning C4005: 'INT16_MAX' : macro redefinition
          d:\source-sdk-2011\src\public\tier0\platform.h(287) : see previous definition of 'INT16_MAX'
c:\program files (x86)\microsoft visual studio 10.0\vc\include\stdint.h(78): warning C4005: 'INT32_MAX' : macro redefinition
          d:\source-sdk-2011\src\public\tier0\platform.h(288) : see previous definition of 'INT32_MAX'
c:\program files (x86)\microsoft visual studio 10.0\vc\include\stdint.h(79): warning C4005: 'UINT8_MAX' : macro redefinition
          d:\source-sdk-2011\src\public\tier0\platform.h(296) : see previous definition of 'UINT8_MAX'
c:\program files (x86)\microsoft visual studio 10.0\vc\include\stdint.h(80): warning C4005: 'UINT16_MAX' : macro redefinition
          d:\source-sdk-2011\src\public\tier0\platform.h(297) : see previous definition of 'UINT16_MAX'
c:\program files (x86)\microsoft visual studio 10.0\vc\include\stdint.h(81): warning C4005: 'UINT32_MAX' : macro redefinition
          d:\source-sdk-2011\src\public\tier0\platform.h(298) : see previous definition of 'UINT32_MAX'
c:\program files (x86)\microsoft visual studio 10.0\vc\include\stdint.h(149): warning C4005: 'INT64_MIN' : macro redefinition
          d:\source-sdk-2011\src\public\tier0\platform.h(294) : see previous definition of 'INT64_MIN'
c:\program files (x86)\microsoft visual studio 10.0\vc\include\stdint.h(150): warning C4005: 'INT64_MAX' : macro redefinition
          d:\source-sdk-2011\src\public\tier0\platform.h(289) : see previous definition of 'INT64_MAX'
c:\program files (x86)\microsoft visual studio 10.0\vc\include\stdint.h(151): warning C4005: 'UINT64_MAX' : macro redefinition
          d:\source-sdk-2011\src\public\tier0\platform.h(299) : see previous definition of 'UINT64_MAX'
d:\source-sdk-2011\src\game\gamepadui\gamepadui_interface.h(41): warning C4481: nonstandard extension used: override specifier 'override'
d:\source-sdk-2011\src\game\gamepadui\gamepadui_interface.h(42): warning C4481: nonstandard extension used: override specifier 'override'
d:\source-sdk-2011\src\game\gamepadui\gamepadui_interface.h(44): warning C4481: nonstandard extension used: override specifier 'override'
d:\source-sdk-2011\src\game\gamepadui\gamepadui_interface.h(45): warning C4481: nonstandard extension used: override specifier 'override'
d:\source-sdk-2011\src\game\gamepadui\gamepadui_interface.h(46): warning C4481: nonstandard extension used: override specifier 'override'
d:\source-sdk-2011\src\game\gamepadui\gamepadui_interface.h(47): warning C4481: nonstandard extension used: override specifier 'override'
d:\source-sdk-2011\src\game\gamepadui\gamepadui_basepanel.h(18): warning C4481: nonstandard extension used: override specifier 'override'
d:\source-sdk-2011\src\game\gamepadui\gamepadui_panel.h(51): error C2143: syntax error : missing ')' before '{'
d:\source-sdk-2011\src\game\gamepadui\gamepadui_panel.h(51): error C2143: syntax error : missing ';' before '{'
d:\source-sdk-2011\src\game\gamepadui\gamepadui_panel.h(51): error C2143: syntax error : missing ';' before '}'
d:\source-sdk-2011\src\game\gamepadui\gamepadui_panel.h(51): error C2059: syntax error : ')'
d:\source-sdk-2011\src\game\gamepadui\gamepadui_interface.h(41): warning C4481: nonstandard extension used: override specifier 'override'
d:\source-sdk-2011\src\game\gamepadui\gamepadui_interface.h(42): warning C4481: nonstandard extension used: override specifier 'override'
d:\source-sdk-2011\src\game\gamepadui\gamepadui_interface.h(44): warning C4481: nonstandard extension used: override specifier 'override'
d:\source-sdk-2011\src\game\gamepadui\gamepadui_interface.h(45): warning C4481: nonstandard extension used: override specifier 'override'
d:\source-sdk-2011\src\game\gamepadui\gamepadui_interface.h(46): warning C4481: nonstandard extension used: override specifier 'override'
d:\source-sdk-2011\src\game\gamepadui\gamepadui_interface.h(47): warning C4481: nonstandard extension used: override specifier 'override'
d:\source-sdk-2011\src\game\gamepadui\gamepadui_panel.h(51): error C2143: syntax error : missing ')' before '{'
d:\source-sdk-2011\src\game\gamepadui\gamepadui_panel.h(51): error C2143: syntax error : missing ';' before '{'
d:\source-sdk-2011\src\game\gamepadui\gamepadui_panel.h(51): error C2143: syntax error : missing ';' before '}'
d:\source-sdk-2011\src\game\gamepadui\gamepadui_panel.h(51): error C2059: syntax error : ')'
d:\source-sdk-2011\src\game\gamepadui\gamepadui_panel.h(90): warning C4482: nonstandard extension used: enum 'SchemeValueTypes::SchemeValueType' used in qualified name
c:\program files (x86)\microsoft visual studio 10.0\vc\include\stdint.h(72): warning C4005: 'INT8_MIN' : macro redefinition
          d:\source-sdk-2011\src\public\tier0\platform.h(291) : see previous definition of 'INT8_MIN'
c:\program files (x86)\microsoft visual studio 10.0\vc\include\stdint.h(73): warning C4005: 'INT16_MIN' : macro redefinition
          d:\source-sdk-2011\src\public\tier0\platform.h(292) : see previous definition of 'INT16_MIN'
c:\program files (x86)\microsoft visual studio 10.0\vc\include\stdint.h(74): warning C4005: 'INT32_MIN' : macro redefinition
          d:\source-sdk-2011\src\public\tier0\platform.h(293) : see previous definition of 'INT32_MIN'
c:\program files (x86)\microsoft visual studio 10.0\vc\include\stdint.h(76): warning C4005: 'INT8_MAX' : macro redefinition
          d:\source-sdk-2011\src\public\tier0\platform.h(286) : see previous definition of 'INT8_MAX'
c:\program files (x86)\microsoft visual studio 10.0\vc\include\stdint.h(77): warning C4005: 'INT16_MAX' : macro redefinition
          d:\source-sdk-2011\src\public\tier0\platform.h(287) : see previous definition of 'INT16_MAX'
c:\program files (x86)\microsoft visual studio 10.0\vc\include\stdint.h(78): warning C4005: 'INT32_MAX' : macro redefinition
          d:\source-sdk-2011\src\public\tier0\platform.h(288) : see previous definition of 'INT32_MAX'
c:\program files (x86)\microsoft visual studio 10.0\vc\include\stdint.h(79): warning C4005: 'UINT8_MAX' : macro redefinition
          d:\source-sdk-2011\src\public\tier0\platform.h(296) : see previous definition of 'UINT8_MAX'
c:\program files (x86)\microsoft visual studio 10.0\vc\include\stdint.h(80): warning C4005: 'UINT16_MAX' : macro redefinition
          d:\source-sdk-2011\src\public\tier0\platform.h(297) : see previous definition of 'UINT16_MAX'
c:\program files (x86)\microsoft visual studio 10.0\vc\include\stdint.h(81): warning C4005: 'UINT32_MAX' : macro redefinition
          d:\source-sdk-2011\src\public\tier0\platform.h(298) : see previous definition of 'UINT32_MAX'
c:\program files (x86)\microsoft visual studio 10.0\vc\include\stdint.h(149): warning C4005: 'INT64_MIN' : macro redefinition
          d:\source-sdk-2011\src\public\tier0\platform.h(294) : see previous definition of 'INT64_MIN'
c:\program files (x86)\microsoft visual studio 10.0\vc\include\stdint.h(150): warning C4005: 'INT64_MAX' : macro redefinition
          d:\source-sdk-2011\src\public\tier0\platform.h(289) : see previous definition of 'INT64_MAX'
c:\program files (x86)\microsoft visual studio 10.0\vc\include\stdint.h(151): warning C4005: 'UINT64_MAX' : macro redefinition
          d:\source-sdk-2011\src\public\tier0\platform.h(299) : see previous definition of 'UINT64_MAX'
d:\source-sdk-2011\src\game\gamepadui\gamepadui_interface.h(41): warning C4481: nonstandard extension used: override specifier 'override'
d:\source-sdk-2011\src\game\gamepadui\gamepadui_interface.h(42): warning C4481: nonstandard extension used: override specifier 'override'
d:\source-sdk-2011\src\game\gamepadui\gamepadui_interface.h(44): warning C4481: nonstandard extension used: override specifier 'override'
d:\source-sdk-2011\src\game\gamepadui\gamepadui_interface.h(45): warning C4481: nonstandard extension used: override specifier 'override'
d:\source-sdk-2011\src\game\gamepadui\gamepadui_interface.h(46): warning C4481: nonstandard extension used: override specifier 'override'
d:\source-sdk-2011\src\game\gamepadui\gamepadui_interface.h(47): warning C4481: nonstandard extension used: override specifier 'override'
d:\source-sdk-2011\src\game\gamepadui\gamepadui_panel.h(90): warning C4482: nonstandard extension used: enum 'SchemeValueTypes::SchemeValueType' used in qualified name
d:\source-sdk-2011\src\game\gamepadui\gamepadui_button.h(127): warning C4481: nonstandard extension used: override specifier 'override'
d:\source-sdk-2011\src\game\gamepadui\gamepadui_basepanel.h(18): warning C4481: nonstandard extension used: override specifier 'override'
d:\source-sdk-2011\src\game\gamepadui\gamepadui_button.h(128): warning C4481: nonstandard extension used: override specifier 'override'
d:\source-sdk-2011\src\game\gamepadui\gamepadui_button.h(129): warning C4481: nonstandard extension used: override specifier 'override'
d:\source-sdk-2011\src\game\gamepadui\gamepadui_button.h(130): warning C4481: nonstandard extension used: override specifier 'override'
d:\source-sdk-2011\src\game\gamepadui\gamepadui_button.h(131): warning C4481: nonstandard extension used: override specifier 'override'
d:\source-sdk-2011\src\game\gamepadui\gamepadui_button.h(132): warning C4481: nonstandard extension used: override specifier 'override'
d:\source-sdk-2011\src\game\gamepadui\gamepadui_button.h(133): warning C4481: nonstandard extension used: override specifier 'override'
d:\source-sdk-2011\src\game\gamepadui\gamepadui_button.h(134): warning C4481: nonstandard extension used: override specifier 'override'
d:\source-sdk-2011\src\game\gamepadui\gamepadui_button.h(135): warning C4481: nonstandard extension used: override specifier 'override'
d:\source-sdk-2011\src\game\gamepadui\gamepadui_button.h(206): error C2059: syntax error : '{'
d:\source-sdk-2011\src\game\gamepadui\gamepadui_button.h(206): error C2334: unexpected token(s) preceding '{'; skipping apparent function body
d:\source-sdk-2011\src\game\gamepadui\gamepadui_button.h(207): error C2059: syntax error : '{'
d:\source-sdk-2011\src\game\gamepadui\gamepadui_button.h(207): error C2334: unexpected token(s) preceding '{'; skipping apparent function body
d:\source-sdk-2011\src\game\gamepadui\gamepadui_button.h(208): error C2059: syntax error : '{'
d:\source-sdk-2011\src\game\gamepadui\gamepadui_button.h(208): error C2334: unexpected token(s) preceding '{'; skipping apparent function body
d:\source-sdk-2011\src\game\gamepadui\gamepadui_interface.h(41): warning C4481: nonstandard extension used: override specifier 'override'
d:\source-sdk-2011\src\game\gamepadui\gamepadui_interface.h(42): warning C4481: nonstandard extension used: override specifier 'override'
d:\source-sdk-2011\src\game\gamepadui\gamepadui_interface.h(44): warning C4481: nonstandard extension used: override specifier 'override'
d:\source-sdk-2011\src\game\gamepadui\gamepadui_interface.h(45): warning C4481: nonstandard extension used: override specifier 'override'
d:\source-sdk-2011\src\game\gamepadui\gamepadui_interface.h(46): warning C4481: nonstandard extension used: override specifier 'override'
d:\source-sdk-2011\src\game\gamepadui\gamepadui_button.h(209): error C2059: syntax error : '{'
d:\source-sdk-2011\src\game\gamepadui\gamepadui_button.h(209): error C2334: unexpected token(s) preceding '{'; skipping apparent function body
d:\source-sdk-2011\src\game\gamepadui\gamepadui_button.h(210): error C2059: syntax error : '{'
d:\source-sdk-2011\src\game\gamepadui\gamepadui_interface.h(41): warning C4481: nonstandard extension used: override specifier 'override'
d:\source-sdk-2011\src\game\gamepadui\gamepadui_button.h(210): error C2334: unexpected token(s) preceding '{'; skipping apparent function body
d:\source-sdk-2011\src\game\gamepadui\gamepadui_interface.h(42): warning C4481: nonstandard extension used: override specifier 'override'
d:\source-sdk-2011\src\game\gamepadui\gamepadui_interface.h(44): warning C4481: nonstandard extension used: override specifier 'override'
d:\source-sdk-2011\src\game\gamepadui\gamepadui_interface.h(45): warning C4481: nonstandard extension used: override specifier 'override'
d:\source-sdk-2011\src\game\gamepadui\gamepadui_interface.h(46): warning C4481: nonstandard extension used: override specifier 'override'
d:\source-sdk-2011\src\game\gamepadui\gamepadui_interface.h(47): warning C4481: nonstandard extension used: override specifier 'override'
d:\source-sdk-2011\src\game\gamepadui\gamepadui_button.h(211): error C2059: syntax error : '{'
d:\source-sdk-2011\src\game\gamepadui\gamepadui_button.h(211): error C2334: unexpected token(s) preceding '{'; skipping apparent function body
d:\source-sdk-2011\src\game\gamepadui\gamepadui_button.h(212): error C2059: syntax error : '{'
d:\source-sdk-2011\src\game\gamepadui\gamepadui_button.h(212): error C2334: unexpected token(s) preceding '{'; skipping apparent function body
d:\source-sdk-2011\src\game\gamepadui\gamepadui_button.h(213): error C2059: syntax error : '{'
d:\source-sdk-2011\src\game\gamepadui\gamepadui_button.h(213): error C2334: unexpected token(s) preceding '{'; skipping apparent function body
d:\source-sdk-2011\src\game\gamepadui\gamepadui_button.h(214): error C2059: syntax error : '{'
d:\source-sdk-2011\src\game\gamepadui\gamepadui_button.h(214): error C2334: unexpected token(s) preceding '{'; skipping apparent function body
d:\source-sdk-2011\src\game\gamepadui\gamepadui_interface.h(47): warning C4481: nonstandard extension used: override specifier 'override'
d:\source-sdk-2011\src\game\gamepadui\gamepadui_button.h(215): error C2059: syntax error : '{'
d:\source-sdk-2011\src\game\gamepadui\gamepadui_button.h(215): error C2334: unexpected token(s) preceding '{'; skipping apparent function body
d:\source-sdk-2011\src\game\gamepadui\gamepadui_button.h(216): error C2059: syntax error : '{'
d:\source-sdk-2011\src\game\gamepadui\gamepadui_button.h(216): error C2334: unexpected token(s) preceding '{'; skipping apparent function body
d:\source-sdk-2011\src\game\gamepadui\gamepadui_button.h(218): error C2059: syntax error : '{'
d:\source-sdk-2011\src\game\gamepadui\gamepadui_button.h(218): error C2334: unexpected token(s) preceding '{'; skipping apparent function body
d:\source-sdk-2011\src\game\gamepadui\gamepadui_button.h(219): error C2059: syntax error : '{'
d:\source-sdk-2011\src\game\gamepadui\gamepadui_button.h(219): error C2334: unexpected token(s) preceding '{'; skipping apparent function body
d:\source-sdk-2011\src\game\gamepadui\gamepadui_panel.h(51): error C2143: syntax error : missing ')' before '{'
d:\source-sdk-2011\src\game\gamepadui\gamepadui_panel.h(51): error C2143: syntax error : missing ';' before '{'
d:\source-sdk-2011\src\game\gamepadui\gamepadui_panel.h(51): error C2143: syntax error : missing ';' before '}'
d:\source-sdk-2011\src\game\gamepadui\gamepadui_panel.h(51): error C2059: syntax error : ')'
d:\source-sdk-2011\src\game\gamepadui\gamepadui_button.h(221): error C2059: syntax error : '{'
d:\source-sdk-2011\src\game\gamepadui\gamepadui_button.h(221): error C2334: unexpected token(s) preceding '{'; skipping apparent function body
d:\source-sdk-2011\src\game\gamepadui\gamepadui_panel.h(90): warning C4482: nonstandard extension used: enum 'SchemeValueTypes::SchemeValueType' used in qualified name
d:\source-sdk-2011\src\game\gamepadui\gamepadui_button.h(222): error C2059: syntax error : '{'
d:\source-sdk-2011\src\game\gamepadui\gamepadui_button.h(222): error C2334: unexpected token(s) preceding '{'; skipping apparent function body
d:\source-sdk-2011\src\game\gamepadui\gamepadui_button.h(224): error C2059: syntax error : '{'
d:\source-sdk-2011\src\game\gamepadui\gamepadui_button.h(224): error C2334: unexpected token(s) preceding '{'; skipping apparent function body
d:\source-sdk-2011\src\game\gamepadui\gamepadui_button.h(225): error C2059: syntax error : '{'
d:\source-sdk-2011\src\game\gamepadui\gamepadui_button.h(225): error C2334: unexpected token(s) preceding '{'; skipping apparent function body
d:\source-sdk-2011\src\game\gamepadui\gamepadui_panel.h(51): error C2143: syntax error : missing ')' before '{'
d:\source-sdk-2011\src\game\gamepadui\gamepadui_panel.h(51): error C2143: syntax error : missing ';' before '{'
d:\source-sdk-2011\src\game\gamepadui\gamepadui_panel.h(51): error C2143: syntax error : missing ';' before '}'
d:\source-sdk-2011\src\game\gamepadui\gamepadui_panel.h(51): error C2059: syntax error : ')'
d:\source-sdk-2011\src\game\gamepadui\gamepadui_panel.h(90): warning C4482: nonstandard extension used: enum 'SchemeValueTypes::SchemeValueType' used in qualified name
d:\source-sdk-2011\src\game\gamepadui\gamepadui_panel.h(51): error C2143: syntax error : missing ')' before '{'
d:\source-sdk-2011\src\game\gamepadui\gamepadui_panel.h(51): error C2143: syntax error : missing ';' before '{'
d:\source-sdk-2011\src\game\gamepadui\gamepadui_panel.h(51): error C2143: syntax error : missing ';' before '}'
d:\source-sdk-2011\src\game\gamepadui\gamepadui_panel.h(51): error C2059: syntax error : ')'
d:\source-sdk-2011\src\game\gamepadui\gamepadui_panel.h(90): warning C4482: nonstandard extension used: enum 'SchemeValueTypes::SchemeValueType' used in qualified name
d:\source-sdk-2011\src\game\gamepadui\gamepadui_interface.h(41): warning C4481: nonstandard extension used: override specifier 'override'
d:\source-sdk-2011\src\game\gamepadui\gamepadui_interface.h(42): warning C4481: nonstandard extension used: override specifier 'override'
d:\source-sdk-2011\src\game\gamepadui\gamepadui_interface.h(44): warning C4481: nonstandard extension used: override specifier 'override'
d:\source-sdk-2011\src\game\gamepadui\gamepadui_interface.h(45): warning C4481: nonstandard extension used: override specifier 'override'
d:\source-sdk-2011\src\game\gamepadui\gamepadui_interface.h(46): warning C4481: nonstandard extension used: override specifier 'override'
d:\source-sdk-2011\src\game\gamepadui\gamepadui_interface.h(47): warning C4481: nonstandard extension used: override specifier 'override'
c:\program files (x86)\microsoft visual studio 10.0\vc\include\stdint.h(72): warning C4005: 'INT8_MIN' : macro redefinition
          d:\source-sdk-2011\src\public\tier0\platform.h(291) : see previous definition of 'INT8_MIN'
c:\program files (x86)\microsoft visual studio 10.0\vc\include\stdint.h(73): warning C4005: 'INT16_MIN' : macro redefinition
          d:\source-sdk-2011\src\public\tier0\platform.h(292) : see previous definition of 'INT16_MIN'
c:\program files (x86)\microsoft visual studio 10.0\vc\include\stdint.h(74): warning C4005: 'INT32_MIN' : macro redefinition
          d:\source-sdk-2011\src\public\tier0\platform.h(293) : see previous definition of 'INT32_MIN'
c:\program files (x86)\microsoft visual studio 10.0\vc\include\stdint.h(76): warning C4005: 'INT8_MAX' : macro redefinition
          d:\source-sdk-2011\src\public\tier0\platform.h(286) : see previous definition of 'INT8_MAX'
c:\program files (x86)\microsoft visual studio 10.0\vc\include\stdint.h(77): warning C4005: 'INT16_MAX' : macro redefinition
          d:\source-sdk-2011\src\public\tier0\platform.h(287) : see previous definition of 'INT16_MAX'
c:\program files (x86)\microsoft visual studio 10.0\vc\include\stdint.h(78): warning C4005: 'INT32_MAX' : macro redefinition
          d:\source-sdk-2011\src\public\tier0\platform.h(288) : see previous definition of 'INT32_MAX'
c:\program files (x86)\microsoft visual studio 10.0\vc\include\stdint.h(79): warning C4005: 'UINT8_MAX' : macro redefinition
          d:\source-sdk-2011\src\public\tier0\platform.h(296) : see previous definition of 'UINT8_MAX'
c:\program files (x86)\microsoft visual studio 10.0\vc\include\stdint.h(80): warning C4005: 'UINT16_MAX' : macro redefinition
          d:\source-sdk-2011\src\public\tier0\platform.h(297) : see previous definition of 'UINT16_MAX'
c:\program files (x86)\microsoft visual studio 10.0\vc\include\stdint.h(81): warning C4005: 'UINT32_MAX' : macro redefinition
          d:\source-sdk-2011\src\public\tier0\platform.h(298) : see previous definition of 'UINT32_MAX'
c:\program files (x86)\microsoft visual studio 10.0\vc\include\stdint.h(149): warning C4005: 'INT64_MIN' : macro redefinition
          d:\source-sdk-2011\src\public\tier0\platform.h(294) : see previous definition of 'INT64_MIN'
c:\program files (x86)\microsoft visual studio 10.0\vc\include\stdint.h(150): warning C4005: 'INT64_MAX' : macro redefinition
          d:\source-sdk-2011\src\public\tier0\platform.h(289) : see previous definition of 'INT64_MAX'
c:\program files (x86)\microsoft visual studio 10.0\vc\include\stdint.h(151): warning C4005: 'UINT64_MAX' : macro redefinition
          d:\source-sdk-2011\src\public\tier0\platform.h(299) : see previous definition of 'UINT64_MAX'
d:\source-sdk-2011\src\game\gamepadui\gamepadui_frame.h(18): warning C4481: nonstandard extension used: override specifier 'override'
d:\source-sdk-2011\src\game\gamepadui\gamepadui_frame.h(19): warning C4481: nonstandard extension used: override specifier 'override'
d:\source-sdk-2011\src\game\gamepadui\gamepadui_frame.h(20): warning C4481: nonstandard extension used: override specifier 'override'
d:\source-sdk-2011\src\game\gamepadui\gamepadui_frame.h(21): warning C4481: nonstandard extension used: override specifier 'override'
d:\source-sdk-2011\src\game\gamepadui\gamepadui_frame.h(22): warning C4481: nonstandard extension used: override specifier 'override'
d:\source-sdk-2011\src\game\gamepadui\gamepadui_frame.h(40): error C2059: syntax error : '{'
d:\source-sdk-2011\src\game\gamepadui\gamepadui_frame.h(40): error C2334: unexpected token(s) preceding '{'; skipping apparent function body
d:\source-sdk-2011\src\game\gamepadui\gamepadui_frame.h(42): error C2059: syntax error : '{'
d:\source-sdk-2011\src\game\gamepadui\gamepadui_frame.h(42): error C2334: unexpected token(s) preceding '{'; skipping apparent function body
d:\source-sdk-2011\src\game\gamepadui\gamepadui_frame.h(43): error C2059: syntax error : '{'
d:\source-sdk-2011\src\game\gamepadui\gamepadui_frame.h(43): error C2334: unexpected token(s) preceding '{'; skipping apparent function body
d:\source-sdk-2011\src\game\gamepadui\gamepadui_frame.h(45): error C2059: syntax error : '{'
d:\source-sdk-2011\src\game\gamepadui\gamepadui_frame.h(45): error C2334: unexpected token(s) preceding '{'; skipping apparent function body
d:\source-sdk-2011\src\game\gamepadui\gamepadui_button.h(127): warning C4481: nonstandard extension used: override specifier 'override'
d:\source-sdk-2011\src\game\gamepadui\gamepadui_button.h(128): warning C4481: nonstandard extension used: override specifier 'override'
d:\source-sdk-2011\src\game\gamepadui\gamepadui_button.h(129): warning C4481: nonstandard extension used: override specifier 'override'
d:\source-sdk-2011\src\game\gamepadui\gamepadui_button.h(130): warning C4481: nonstandard extension used: override specifier 'override'
d:\source-sdk-2011\src\game\gamepadui\gamepadui_button.h(131): warning C4481: nonstandard extension used: override specifier 'override'
d:\source-sdk-2011\src\game\gamepadui\gamepadui_button.h(132): warning C4481: nonstandard extension used: override specifier 'override'
d:\source-sdk-2011\src\game\gamepadui\gamepadui_button.h(133): warning C4481: nonstandard extension used: override specifier 'override'
d:\source-sdk-2011\src\game\gamepadui\gamepadui_button.h(134): warning C4481: nonstandard extension used: override specifier 'override'
d:\source-sdk-2011\src\game\gamepadui\gamepadui_button.h(135): warning C4481: nonstandard extension used: override specifier 'override'
d:\source-sdk-2011\src\game\gamepadui\gamepadui_frame.h(46): error C2059: syntax error : '{'
d:\source-sdk-2011\src\game\gamepadui\gamepadui_frame.h(46): error C2334: unexpected token(s) preceding '{'; skipping apparent function body
d:\source-sdk-2011\src\game\gamepadui\gamepadui_button.h(206): error C2059: syntax error : '{'
d:\source-sdk-2011\src\game\gamepadui\gamepadui_button.h(206): error C2334: unexpected token(s) preceding '{'; skipping apparent function body
d:\source-sdk-2011\src\game\gamepadui\gamepadui_frame.h(47): error C2059: syntax error : '{'
d:\source-sdk-2011\src\game\gamepadui\gamepadui_button.h(207): error C2059: syntax error : '{'
d:\source-sdk-2011\src\game\gamepadui\gamepadui_frame.h(47): error C2334: unexpected token(s) preceding '{'; skipping apparent function body
d:\source-sdk-2011\src\game\gamepadui\gamepadui_button.h(207): error C2334: unexpected token(s) preceding '{'; skipping apparent function body
d:\source-sdk-2011\src\game\gamepadui\gamepadui_button.h(208): error C2059: syntax error : '{'
d:\source-sdk-2011\src\game\gamepadui\gamepadui_button.h(208): error C2334: unexpected token(s) preceding '{'; skipping apparent function body
d:\source-sdk-2011\src\game\gamepadui\gamepadui_button.h(209): error C2059: syntax error : '{'
d:\source-sdk-2011\src\game\gamepadui\gamepadui_button.h(209): error C2334: unexpected token(s) preceding '{'; skipping apparent function body
d:\source-sdk-2011\src\game\gamepadui\gamepadui_button.h(210): error C2059: syntax error : '{'
d:\source-sdk-2011\src\game\gamepadui\gamepadui_button.h(210): error C2334: unexpected token(s) preceding '{'; skipping apparent function body
d:\source-sdk-2011\src\game\gamepadui\gamepadui_button.h(211): error C2059: syntax error : '{'
d:\source-sdk-2011\src\game\gamepadui\gamepadui_button.h(211): error C2334: unexpected token(s) preceding '{'; skipping apparent function body
d:\source-sdk-2011\src\game\gamepadui\gamepadui_button.h(212): error C2059: syntax error : '{'
d:\source-sdk-2011\src\game\gamepadui\gamepadui_button.h(212): error C2334: unexpected token(s) preceding '{'; skipping apparent function body
d:\source-sdk-2011\src\game\gamepadui\gamepadui_button.h(213): error C2059: syntax error : '{'
d:\source-sdk-2011\src\game\gamepadui\gamepadui_button.h(213): error C2334: unexpected token(s) preceding '{'; skipping apparent function body
d:\source-sdk-2011\src\game\gamepadui\gamepadui_button.h(214): error C2059: syntax error : '{'
d:\source-sdk-2011\src\game\gamepadui\gamepadui_button.h(214): error C2334: unexpected token(s) preceding '{'; skipping apparent function body
d:\source-sdk-2011\src\game\gamepadui\gamepadui_button.h(215): error C2059: syntax error : '{'
d:\source-sdk-2011\src\game\gamepadui\gamepadui_button.h(215): error C2334: unexpected token(s) preceding '{'; skipping apparent function body
d:\source-sdk-2011\src\game\gamepadui\gamepadui_button.h(216): error C2059: syntax error : '{'
d:\source-sdk-2011\src\game\gamepadui\gamepadui_button.h(216): error C2334: unexpected token(s) preceding '{'; skipping apparent function body
d:\source-sdk-2011\src\game\gamepadui\gamepadui_button.h(218): error C2059: syntax error : '{'
d:\source-sdk-2011\src\game\gamepadui\gamepadui_button.h(218): error C2334: unexpected token(s) preceding '{'; skipping apparent function body
d:\source-sdk-2011\src\game\gamepadui\gamepadui_button.h(219): error C2059: syntax error : '{'
d:\source-sdk-2011\src\game\gamepadui\gamepadui_button.h(219): error C2334: unexpected token(s) preceding '{'; skipping apparent function body
d:\source-sdk-2011\src\game\gamepadui\gamepadui_button.h(221): error C2059: syntax error : '{'
d:\source-sdk-2011\src\game\gamepadui\gamepadui_button.h(221): error C2334: unexpected token(s) preceding '{'; skipping apparent function body
d:\source-sdk-2011\src\game\gamepadui\gamepadui_button.h(222): error C2059: syntax error : '{'
d:\source-sdk-2011\src\game\gamepadui\gamepadui_button.h(222): error C2334: unexpected token(s) preceding '{'; skipping apparent function body
d:\source-sdk-2011\src\game\gamepadui\gamepadui_button.h(224): error C2059: syntax error : '{'
d:\source-sdk-2011\src\game\gamepadui\gamepadui_button.h(224): error C2334: unexpected token(s) preceding '{'; skipping apparent function body
d:\source-sdk-2011\src\game\gamepadui\gamepadui_button.h(225): error C2059: syntax error : '{'
d:\source-sdk-2011\src\game\gamepadui\gamepadui_button.h(225): error C2334: unexpected token(s) preceding '{'; skipping apparent function body
d:\source-sdk-2011\src\game\gamepadui\gamepadui_interface.h(41): warning C4481: nonstandard extension used: override specifier 'override'
d:\source-sdk-2011\src\game\gamepadui\gamepadui_interface.h(42): warning C4481: nonstandard extension used: override specifier 'override'
d:\source-sdk-2011\src\game\gamepadui\gamepadui_interface.h(44): warning C4481: nonstandard extension used: override specifier 'override'
d:\source-sdk-2011\src\game\gamepadui\gamepadui_button.h(127): warning C4481: nonstandard extension used: override specifier 'override'
d:\source-sdk-2011\src\game\gamepadui\gamepadui_interface.h(45): warning C4481: nonstandard extension used: override specifier 'override'
d:\source-sdk-2011\src\game\gamepadui\gamepadui_button.h(128): warning C4481: nonstandard extension used: override specifier 'override'
d:\source-sdk-2011\src\game\gamepadui\gamepadui_interface.h(46): warning C4481: nonstandard extension used: override specifier 'override'
d:\source-sdk-2011\src\game\gamepadui\gamepadui_button.h(129): warning C4481: nonstandard extension used: override specifier 'override'
d:\source-sdk-2011\src\game\gamepadui\gamepadui_interface.h(47): warning C4481: nonstandard extension used: override specifier 'override'
d:\source-sdk-2011\src\game\gamepadui\gamepadui_button.h(130): warning C4481: nonstandard extension used: override specifier 'override'
d:\source-sdk-2011\src\game\gamepadui\gamepadui_button.h(127): warning C4481: nonstandard extension used: override specifier 'override'
d:\source-sdk-2011\src\game\gamepadui\gamepadui_button.h(131): warning C4481: nonstandard extension used: override specifier 'override'
d:\source-sdk-2011\src\game\gamepadui\gamepadui_button.h(132): warning C4481: nonstandard extension used: override specifier 'override'
d:\source-sdk-2011\src\game\gamepadui\gamepadui_button.h(133): warning C4481: nonstandard extension used: override specifier 'override'
d:\source-sdk-2011\src\game\gamepadui\gamepadui_button.h(134): warning C4481: nonstandard extension used: override specifier 'override'
d:\source-sdk-2011\src\game\gamepadui\gamepadui_button.h(128): warning C4481: nonstandard extension used: override specifier 'override'
d:\source-sdk-2011\src\game\gamepadui\gamepadui_button.h(135): warning C4481: nonstandard extension used: override specifier 'override'
d:\source-sdk-2011\src\game\gamepadui\gamepadui_button.h(129): warning C4481: nonstandard extension used: override specifier 'override'
d:\source-sdk-2011\src\game\gamepadui\gamepadui_button.h(130): warning C4481: nonstandard extension used: override specifier 'override'
d:\source-sdk-2011\src\game\gamepadui\gamepadui_button.h(131): warning C4481: nonstandard extension used: override specifier 'override'
d:\source-sdk-2011\src\game\gamepadui\gamepadui_button.h(132): warning C4481: nonstandard extension used: override specifier 'override'
d:\source-sdk-2011\src\game\gamepadui\gamepadui_button.h(133): warning C4481: nonstandard extension used: override specifier 'override'
d:\source-sdk-2011\src\game\gamepadui\gamepadui_button.h(134): warning C4481: nonstandard extension used: override specifier 'override'
d:\source-sdk-2011\src\game\gamepadui\gamepadui_button.h(135): warning C4481: nonstandard extension used: override specifier 'override'
d:\source-sdk-2011\src\game\gamepadui\gamepadui_button.h(206): error C2059: syntax error : '{'
d:\source-sdk-2011\src\game\gamepadui\gamepadui_button.h(206): error C2334: unexpected token(s) preceding '{'; skipping apparent function body
d:\source-sdk-2011\src\game\gamepadui\gamepadui_button.h(207): error C2059: syntax error : '{'
d:\source-sdk-2011\src\game\gamepadui\gamepadui_button.h(207): error C2334: unexpected token(s) preceding '{'; skipping apparent function body
d:\source-sdk-2011\src\game\gamepadui\gamepadui_button.h(206): error C2059: syntax error : '{'
d:\source-sdk-2011\src\game\gamepadui\gamepadui_button.h(206): error C2334: unexpected token(s) preceding '{'; skipping apparent function body
d:\source-sdk-2011\src\game\gamepadui\gamepadui_button.h(208): error C2059: syntax error : '{'
d:\source-sdk-2011\src\game\gamepadui\gamepadui_button.h(208): error C2334: unexpected token(s) preceding '{'; skipping apparent function body
d:\source-sdk-2011\src\game\gamepadui\gamepadui_button.h(207): error C2059: syntax error : '{'
d:\source-sdk-2011\src\game\gamepadui\gamepadui_button.h(207): error C2334: unexpected token(s) preceding '{'; skipping apparent function body
d:\source-sdk-2011\src\game\gamepadui\gamepadui_button.h(209): error C2059: syntax error : '{'
d:\source-sdk-2011\src\game\gamepadui\gamepadui_button.h(209): error C2334: unexpected token(s) preceding '{'; skipping apparent function body
d:\source-sdk-2011\src\game\gamepadui\gamepadui_button.h(208): error C2059: syntax error : '{'
d:\source-sdk-2011\src\game\gamepadui\gamepadui_button.h(210): error C2059: syntax error : '{'
d:\source-sdk-2011\src\game\gamepadui\gamepadui_button.h(208): error C2334: unexpected token(s) preceding '{'; skipping apparent function body
d:\source-sdk-2011\src\game\gamepadui\gamepadui_button.h(210): error C2334: unexpected token(s) preceding '{'; skipping apparent function body
d:\source-sdk-2011\src\game\gamepadui\gamepadui_button.h(209): error C2059: syntax error : '{'
d:\source-sdk-2011\src\game\gamepadui\gamepadui_button.h(209): error C2334: unexpected token(s) preceding '{'; skipping apparent function body
d:\source-sdk-2011\src\game\gamepadui\gamepadui_button.h(211): error C2059: syntax error : '{'
d:\source-sdk-2011\src\game\gamepadui\gamepadui_button.h(211): error C2334: unexpected token(s) preceding '{'; skipping apparent function body
d:\source-sdk-2011\src\game\gamepadui\gamepadui_button.h(210): error C2059: syntax error : '{'
d:\source-sdk-2011\src\game\gamepadui\gamepadui_button.h(210): error C2334: unexpected token(s) preceding '{'; skipping apparent function body
d:\source-sdk-2011\src\game\gamepadui\gamepadui_panel.h(51): error C2143: syntax error : missing ')' before '{'
d:\source-sdk-2011\src\game\gamepadui\gamepadui_button.h(212): error C2059: syntax error : '{'
d:\source-sdk-2011\src\game\gamepadui\gamepadui_panel.h(51): error C2143: syntax error : missing ';' before '{'
d:\source-sdk-2011\src\game\gamepadui\gamepadui_button.h(212): error C2334: unexpected token(s) preceding '{'; skipping apparent function body
d:\source-sdk-2011\src\game\gamepadui\gamepadui_button.h(211): error C2059: syntax error : '{'
d:\source-sdk-2011\src\game\gamepadui\gamepadui_panel.h(51): error C2143: syntax error : missing ';' before '}'
d:\source-sdk-2011\src\game\gamepadui\gamepadui_button.h(211): error C2334: unexpected token(s) preceding '{'; skipping apparent function body
d:\source-sdk-2011\src\game\gamepadui\gamepadui_panel.h(51): error C2059: syntax error : ')'
d:\source-sdk-2011\src\game\gamepadui\gamepadui_button.h(213): error C2059: syntax error : '{'
d:\source-sdk-2011\src\game\gamepadui\gamepadui_button.h(213): error C2334: unexpected token(s) preceding '{'; skipping apparent function body
d:\source-sdk-2011\src\game\gamepadui\gamepadui_button.h(212): error C2059: syntax error : '{'
d:\source-sdk-2011\src\game\gamepadui\gamepadui_button.h(212): error C2334: unexpected token(s) preceding '{'; skipping apparent function body
d:\source-sdk-2011\src\game\gamepadui\gamepadui_button.h(214): error C2059: syntax error : '{'
d:\source-sdk-2011\src\game\gamepadui\gamepadui_button.h(214): error C2334: unexpected token(s) preceding '{'; skipping apparent function body
d:\source-sdk-2011\src\game\gamepadui\gamepadui_panel.h(90): warning C4482: nonstandard extension used: enum 'SchemeValueTypes::SchemeValueType' used in qualified name
d:\source-sdk-2011\src\game\gamepadui\gamepadui_button.h(215): error C2059: syntax error : '{'
d:\source-sdk-2011\src\game\gamepadui\gamepadui_button.h(215): error C2334: unexpected token(s) preceding '{'; skipping apparent function body
d:\source-sdk-2011\src\game\gamepadui\gamepadui_button.h(213): error C2059: syntax error : '{'
d:\source-sdk-2011\src\game\gamepadui\gamepadui_button.h(213): error C2334: unexpected token(s) preceding '{'; skipping apparent function body
d:\source-sdk-2011\src\game\gamepadui\gamepadui_button.h(214): error C2059: syntax error : '{'
d:\source-sdk-2011\src\game\gamepadui\gamepadui_button.h(214): error C2334: unexpected token(s) preceding '{'; skipping apparent function body
d:\source-sdk-2011\src\game\gamepadui\gamepadui_button.h(216): error C2059: syntax error : '{'
d:\source-sdk-2011\src\game\gamepadui\gamepadui_button.h(216): error C2334: unexpected token(s) preceding '{'; skipping apparent function body
d:\source-sdk-2011\src\game\gamepadui\gamepadui_button.h(215): error C2059: syntax error : '{'
d:\source-sdk-2011\src\game\gamepadui\gamepadui_button.h(215): error C2334: unexpected token(s) preceding '{'; skipping apparent function body
d:\source-sdk-2011\src\game\gamepadui\gamepadui_button.h(216): error C2059: syntax error : '{'
d:\source-sdk-2011\src\game\gamepadui\gamepadui_button.h(216): error C2334: unexpected token(s) preceding '{'; skipping apparent function body
d:\source-sdk-2011\src\game\gamepadui\gamepadui_button.h(218): error C2059: syntax error : '{'
d:\source-sdk-2011\src\game\gamepadui\gamepadui_button.h(218): error C2334: unexpected token(s) preceding '{'; skipping apparent function body
d:\source-sdk-2011\src\game\gamepadui\gamepadui_button.h(218): error C2059: syntax error : '{'
d:\source-sdk-2011\src\game\gamepadui\gamepadui_button.h(218): error C2334: unexpected token(s) preceding '{'; skipping apparent function body
d:\source-sdk-2011\src\game\gamepadui\gamepadui_button.h(219): error C2059: syntax error : '{'
d:\source-sdk-2011\src\game\gamepadui\gamepadui_button.h(219): error C2334: unexpected token(s) preceding '{'; skipping apparent function body
d:\source-sdk-2011\src\game\gamepadui\gamepadui_button.h(219): error C2059: syntax error : '{'
d:\source-sdk-2011\src\game\gamepadui\gamepadui_button.h(219): error C2334: unexpected token(s) preceding '{'; skipping apparent function body
d:\source-sdk-2011\src\game\gamepadui\gamepadui_button.h(221): error C2059: syntax error : '{'
d:\source-sdk-2011\src\game\gamepadui\gamepadui_button.h(221): error C2334: unexpected token(s) preceding '{'; skipping apparent function body
d:\source-sdk-2011\src\game\gamepadui\gamepadui_button.h(222): error C2059: syntax error : '{'
d:\source-sdk-2011\src\game\gamepadui\gamepadui_button.h(222): error C2334: unexpected token(s) preceding '{'; skipping apparent function body
d:\source-sdk-2011\src\game\gamepadui\gamepadui_button.h(224): error C2059: syntax error : '{'
d:\source-sdk-2011\src\game\gamepadui\gamepadui_button.h(224): error C2334: unexpected token(s) preceding '{'; skipping apparent function body
d:\source-sdk-2011\src\game\gamepadui\gamepadui_button.h(221): error C2059: syntax error : '{'
d:\source-sdk-2011\src\game\gamepadui\gamepadui_button.h(225): error C2059: syntax error : '{'
d:\source-sdk-2011\src\game\gamepadui\gamepadui_button.h(221): error C2334: unexpected token(s) preceding '{'; skipping apparent function body
d:\source-sdk-2011\src\game\gamepadui\gamepadui_button.h(225): error C2334: unexpected token(s) preceding '{'; skipping apparent function body
d:\source-sdk-2011\src\game\gamepadui\gamepadui_button.h(127): warning C4481: nonstandard extension used: override specifier 'override'
d:\source-sdk-2011\src\game\gamepadui\gamepadui_button.h(222): error C2059: syntax error : '{'
d:\source-sdk-2011\src\game\gamepadui\gamepadui_button.h(128): warning C4481: nonstandard extension used: override specifier 'override'
d:\source-sdk-2011\src\game\gamepadui\gamepadui_button.h(222): error C2334: unexpected token(s) preceding '{'; skipping apparent function body
d:\source-sdk-2011\src\game\gamepadui\gamepadui_button.h(129): warning C4481: nonstandard extension used: override specifier 'override'
d:\source-sdk-2011\src\game\gamepadui\gamepadui_button.h(130): warning C4481: nonstandard extension used: override specifier 'override'
d:\source-sdk-2011\src\game\gamepadui\gamepadui_button.h(131): warning C4481: nonstandard extension used: override specifier 'override'
d:\source-sdk-2011\src\game\gamepadui\gamepadui_button.h(132): warning C4481: nonstandard extension used: override specifier 'override'
d:\source-sdk-2011\src\game\gamepadui\gamepadui_button.h(133): warning C4481: nonstandard extension used: override specifier 'override'
d:\source-sdk-2011\src\game\gamepadui\gamepadui_button.h(134): warning C4481: nonstandard extension used: override specifier 'override'
d:\source-sdk-2011\src\game\gamepadui\gamepadui_button.h(135): warning C4481: nonstandard extension used: override specifier 'override'
d:\source-sdk-2011\src\game\gamepadui\gamepadui_button.h(224): error C2059: syntax error : '{'
d:\source-sdk-2011\src\game\gamepadui\gamepadui_button.h(224): error C2334: unexpected token(s) preceding '{'; skipping apparent function body
d:\source-sdk-2011\src\game\gamepadui\gamepadui_button.h(225): error C2059: syntax error : '{'
d:\source-sdk-2011\src\game\gamepadui\gamepadui_button.h(225): error C2334: unexpected token(s) preceding '{'; skipping apparent function body
d:\source-sdk-2011\src\game\gamepadui\gamepadui_button.h(206): error C2059: syntax error : '{'
d:\source-sdk-2011\src\game\gamepadui\gamepadui_button.h(206): error C2334: unexpected token(s) preceding '{'; skipping apparent function body
d:\source-sdk-2011\src\game\gamepadui\gamepadui_button.h(207): error C2059: syntax error : '{'
d:\source-sdk-2011\src\game\gamepadui\gamepadui_button.h(207): error C2334: unexpected token(s) preceding '{'; skipping apparent function body
d:\source-sdk-2011\src\game\gamepadui\gamepadui_button.h(208): error C2059: syntax error : '{'
d:\source-sdk-2011\src\game\gamepadui\gamepadui_button.h(208): error C2334: unexpected token(s) preceding '{'; skipping apparent function body
d:\source-sdk-2011\src\game\gamepadui\gamepadui_button.h(209): error C2059: syntax error : '{'
d:\source-sdk-2011\src\game\gamepadui\gamepadui_button.h(209): error C2334: unexpected token(s) preceding '{'; skipping apparent function body
d:\source-sdk-2011\src\game\gamepadui\gamepadui_button.h(210): error C2059: syntax error : '{'
d:\source-sdk-2011\src\game\gamepadui\gamepadui_button.h(210): error C2334: unexpected token(s) preceding '{'; skipping apparent function body
d:\source-sdk-2011\src\game\gamepadui\gamepadui_button.h(211): error C2059: syntax error : '{'
d:\source-sdk-2011\src\game\gamepadui\gamepadui_button.h(211): error C2334: unexpected token(s) preceding '{'; skipping apparent function body
d:\source-sdk-2011\src\game\gamepadui\gamepadui_button.h(212): error C2059: syntax error : '{'
d:\source-sdk-2011\src\game\gamepadui\gamepadui_button.h(212): error C2334: unexpected token(s) preceding '{'; skipping apparent function body
d:\source-sdk-2011\src\game\gamepadui\gamepadui_button.h(213): error C2059: syntax error : '{'
d:\source-sdk-2011\src\game\gamepadui\gamepadui_button.h(213): error C2334: unexpected token(s) preceding '{'; skipping apparent function body
d:\source-sdk-2011\src\game\gamepadui\gamepadui_button.h(214): error C2059: syntax error : '{'
d:\source-sdk-2011\src\game\gamepadui\gamepadui_button.h(214): error C2334: unexpected token(s) preceding '{'; skipping apparent function body
d:\source-sdk-2011\src\game\gamepadui\gamepadui_button.h(215): error C2059: syntax error : '{'
d:\source-sdk-2011\src\game\gamepadui\gamepadui_button.h(215): error C2334: unexpected token(s) preceding '{'; skipping apparent function body
d:\source-sdk-2011\src\game\gamepadui\gamepadui_button.h(216): error C2059: syntax error : '{'
d:\source-sdk-2011\src\game\gamepadui\gamepadui_button.h(216): error C2334: unexpected token(s) preceding '{'; skipping apparent function body
d:\source-sdk-2011\src\game\gamepadui\gamepadui_button.h(218): error C2059: syntax error : '{'
d:\source-sdk-2011\src\game\gamepadui\gamepadui_button.h(218): error C2334: unexpected token(s) preceding '{'; skipping apparent function body
d:\source-sdk-2011\src\game\gamepadui\gamepadui_button.h(219): error C2059: syntax error : '{'
d:\source-sdk-2011\src\game\gamepadui\gamepadui_button.h(219): error C2334: unexpected token(s) preceding '{'; skipping apparent function body
d:\source-sdk-2011\src\game\gamepadui\gamepadui_button.h(221): error C2059: syntax error : '{'
d:\source-sdk-2011\src\game\gamepadui\gamepadui_button.h(221): error C2334: unexpected token(s) preceding '{'; skipping apparent function body
d:\source-sdk-2011\src\game\gamepadui\gamepadui_button.h(222): error C2059: syntax error : '{'
d:\source-sdk-2011\src\game\gamepadui\gamepadui_button.h(222): error C2334: unexpected token(s) preceding '{'; skipping apparent function body
d:\source-sdk-2011\src\game\gamepadui\gamepadui_button.h(224): error C2059: syntax error : '{'
d:\source-sdk-2011\src\game\gamepadui\gamepadui_button.h(224): error C2334: unexpected token(s) preceding '{'; skipping apparent function body
d:\source-sdk-2011\src\game\gamepadui\gamepadui_button.h(225): error C2059: syntax error : '{'
d:\source-sdk-2011\src\game\gamepadui\gamepadui_button.h(225): error C2334: unexpected token(s) preceding '{'; skipping apparent function body
d:\source-sdk-2011\src\game\gamepadui\gamepadui_frame.h(18): warning C4481: nonstandard extension used: override specifier 'override'
d:\source-sdk-2011\src\game\gamepadui\gamepadui_frame.h(19): warning C4481: nonstandard extension used: override specifier 'override'
d:\source-sdk-2011\src\game\gamepadui\gamepadui_frame.h(20): warning C4481: nonstandard extension used: override specifier 'override'
d:\source-sdk-2011\src\game\gamepadui\gamepadui_frame.h(21): warning C4481: nonstandard extension used: override specifier 'override'
d:\source-sdk-2011\src\game\gamepadui\gamepadui_frame.h(22): warning C4481: nonstandard extension used: override specifier 'override'
d:\source-sdk-2011\src\game\gamepadui\gamepadui_button.h(127): warning C4481: nonstandard extension used: override specifier 'override'
d:\source-sdk-2011\src\game\gamepadui\gamepadui_button.h(128): warning C4481: nonstandard extension used: override specifier 'override'
d:\source-sdk-2011\src\game\gamepadui\gamepadui_button.h(129): warning C4481: nonstandard extension used: override specifier 'override'
d:\source-sdk-2011\src\game\gamepadui\gamepadui_button.h(130): warning C4481: nonstandard extension used: override specifier 'override'
d:\source-sdk-2011\src\game\gamepadui\gamepadui_button.h(131): warning C4481: nonstandard extension used: override specifier 'override'
d:\source-sdk-2011\src\game\gamepadui\gamepadui_panel.h(51): error C2143: syntax error : missing ')' before '{'
d:\source-sdk-2011\src\game\gamepadui\gamepadui_button.h(132): warning C4481: nonstandard extension used: override specifier 'override'
d:\source-sdk-2011\src\game\gamepadui\gamepadui_frame.h(40): error C2059: syntax error : '{'
d:\source-sdk-2011\src\game\gamepadui\gamepadui_panel.h(51): error C2143: syntax error : missing ';' before '{'
d:\source-sdk-2011\src\game\gamepadui\gamepadui_button.h(133): warning C4481: nonstandard extension used: override specifier 'override'
d:\source-sdk-2011\src\game\gamepadui\gamepadui_frame.h(40): error C2334: unexpected token(s) preceding '{'; skipping apparent function body
d:\source-sdk-2011\src\game\gamepadui\gamepadui_panel.h(51): error C2143: syntax error : missing ';' before '}'
d:\source-sdk-2011\src\game\gamepadui\gamepadui_button.h(134): warning C4481: nonstandard extension used: override specifier 'override'
d:\source-sdk-2011\src\game\gamepadui\gamepadui_panel.h(51): error C2059: syntax error : ')'
d:\source-sdk-2011\src\game\gamepadui\gamepadui_frame.h(42): error C2059: syntax error : '{'
d:\source-sdk-2011\src\game\gamepadui\gamepadui_button.h(135): warning C4481: nonstandard extension used: override specifier 'override'
d:\source-sdk-2011\src\game\gamepadui\gamepadui_frame.h(42): error C2334: unexpected token(s) preceding '{'; skipping apparent function body
d:\source-sdk-2011\src\game\gamepadui\gamepadui_panel.h(90): warning C4482: nonstandard extension used: enum 'SchemeValueTypes::SchemeValueType' used in qualified name
d:\source-sdk-2011\src\game\gamepadui\gamepadui_frame.h(43): error C2059: syntax error : '{'
d:\source-sdk-2011\src\game\gamepadui\gamepadui_frame.h(43): error C2334: unexpected token(s) preceding '{'; skipping apparent function body
d:\source-sdk-2011\src\game\gamepadui\gamepadui_frame.h(45): error C2059: syntax error : '{'
d:\source-sdk-2011\src\game\gamepadui\gamepadui_frame.h(45): error C2334: unexpected token(s) preceding '{'; skipping apparent function body
d:\source-sdk-2011\src\game\gamepadui\gamepadui_button.h(206): error C2059: syntax error : '{'
d:\source-sdk-2011\src\game\gamepadui\gamepadui_button.h(206): error C2334: unexpected token(s) preceding '{'; skipping apparent function body
d:\source-sdk-2011\src\game\gamepadui\gamepadui_frame.h(46): error C2059: syntax error : '{'
d:\source-sdk-2011\src\game\gamepadui\gamepadui_frame.h(46): error C2334: unexpected token(s) preceding '{'; skipping apparent function body
d:\source-sdk-2011\src\game\gamepadui\gamepadui_button.h(207): error C2059: syntax error : '{'
d:\source-sdk-2011\src\game\gamepadui\gamepadui_button.h(207): error C2334: unexpected token(s) preceding '{'; skipping apparent function body
d:\source-sdk-2011\src\game\gamepadui\gamepadui_frame.h(47): error C2059: syntax error : '{'
d:\source-sdk-2011\src\game\gamepadui\gamepadui_frame.h(47): error C2334: unexpected token(s) preceding '{'; skipping apparent function body
d:\source-sdk-2011\src\game\gamepadui\gamepadui_button.h(208): error C2059: syntax error : '{'
d:\source-sdk-2011\src\game\gamepadui\gamepadui_button.h(208): error C2334: unexpected token(s) preceding '{'; skipping apparent function body
d:\source-sdk-2011\src\game\gamepadui\gamepadui_button.h(209): error C2059: syntax error : '{'
d:\source-sdk-2011\src\game\gamepadui\gamepadui_button.h(209): error C2334: unexpected token(s) preceding '{'; skipping apparent function body
d:\source-sdk-2011\src\game\gamepadui\gamepadui_button.h(210): error C2059: syntax error : '{'
d:\source-sdk-2011\src\game\gamepadui\gamepadui_button.h(210): error C2334: unexpected token(s) preceding '{'; skipping apparent function body
d:\source-sdk-2011\src\game\gamepadui\gamepadui_button.h(211): error C2059: syntax error : '{'
d:\source-sdk-2011\src\game\gamepadui\gamepadui_button.h(211): error C2334: unexpected token(s) preceding '{'; skipping apparent function body
d:\source-sdk-2011\src\game\gamepadui\gamepadui_button.h(212): error C2059: syntax error : '{'
d:\source-sdk-2011\src\game\gamepadui\gamepadui_button.h(212): error C2334: unexpected token(s) preceding '{'; skipping apparent function body
d:\source-sdk-2011\src\game\gamepadui\gamepadui_button.h(213): error C2059: syntax error : '{'
d:\source-sdk-2011\src\game\gamepadui\gamepadui_button.h(213): error C2334: unexpected token(s) preceding '{'; skipping apparent function body
d:\source-sdk-2011\src\game\gamepadui\gamepadui_button.h(214): error C2059: syntax error : '{'
d:\source-sdk-2011\src\game\gamepadui\gamepadui_button.h(214): error C2334: unexpected token(s) preceding '{'; skipping apparent function body
d:\source-sdk-2011\src\game\gamepadui\gamepadui_button.h(215): error C2059: syntax error : '{'
d:\source-sdk-2011\src\game\gamepadui\gamepadui_button.h(215): error C2334: unexpected token(s) preceding '{'; skipping apparent function body
d:\source-sdk-2011\src\game\gamepadui\gamepadui_button.h(216): error C2059: syntax error : '{'
d:\source-sdk-2011\src\game\gamepadui\gamepadui_button.h(216): error C2334: unexpected token(s) preceding '{'; skipping apparent function body
d:\source-sdk-2011\src\game\gamepadui\gamepadui_button.h(218): error C2059: syntax error : '{'
d:\source-sdk-2011\src\game\gamepadui\gamepadui_button.h(218): error C2334: unexpected token(s) preceding '{'; skipping apparent function body
d:\source-sdk-2011\src\game\gamepadui\gamepadui_button.h(219): error C2059: syntax error : '{'
d:\source-sdk-2011\src\game\gamepadui\gamepadui_button.h(219): error C2334: unexpected token(s) preceding '{'; skipping apparent function body
d:\source-sdk-2011\src\game\gamepadui\gamepadui_button.h(221): error C2059: syntax error : '{'
d:\source-sdk-2011\src\game\gamepadui\gamepadui_button.h(221): error C2334: unexpected token(s) preceding '{'; skipping apparent function body
d:\source-sdk-2011\src\game\gamepadui\gamepadui_button.h(222): error C2059: syntax error : '{'
d:\source-sdk-2011\src\game\gamepadui\gamepadui_button.h(222): error C2334: unexpected token(s) preceding '{'; skipping apparent function body
d:\source-sdk-2011\src\game\gamepadui\gamepadui_button.h(224): error C2059: syntax error : '{'
d:\source-sdk-2011\src\game\gamepadui\gamepadui_button.h(224): error C2334: unexpected token(s) preceding '{'; skipping apparent function body
d:\source-sdk-2011\src\game\gamepadui\gamepadui_button.h(225): error C2059: syntax error : '{'
d:\source-sdk-2011\src\game\gamepadui\gamepadui_button.h(225): error C2334: unexpected token(s) preceding '{'; skipping apparent function body
d:\source-sdk-2011\src\game\gamepadui\gamepadui_frame.h(18): warning C4481: nonstandard extension used: override specifier 'override'
d:\source-sdk-2011\src\game\gamepadui\gamepadui_frame.h(19): warning C4481: nonstandard extension used: override specifier 'override'
d:\source-sdk-2011\src\game\gamepadui\gamepadui_frame.h(20): warning C4481: nonstandard extension used: override specifier 'override'
d:\source-sdk-2011\src\game\gamepadui\gamepadui_frame.h(21): warning C4481: nonstandard extension used: override specifier 'override'
d:\source-sdk-2011\src\game\gamepadui\gamepadui_frame.h(22): warning C4481: nonstandard extension used: override specifier 'override'
d:\source-sdk-2011\src\game\gamepadui\gamepadui_frame.h(40): error C2059: syntax error : '{'
d:\source-sdk-2011\src\game\gamepadui\gamepadui_frame.h(40): error C2334: unexpected token(s) preceding '{'; skipping apparent function body
d:\source-sdk-2011\src\game\gamepadui\gamepadui_frame.h(42): error C2059: syntax error : '{'
d:\source-sdk-2011\src\game\gamepadui\gamepadui_frame.h(42): error C2334: unexpected token(s) preceding '{'; skipping apparent function body
d:\source-sdk-2011\src\game\gamepadui\gamepadui_frame.h(43): error C2059: syntax error : '{'
d:\source-sdk-2011\src\game\gamepadui\gamepadui_frame.h(43): error C2334: unexpected token(s) preceding '{'; skipping apparent function body
d:\source-sdk-2011\src\game\gamepadui\gamepadui_frame.h(45): error C2059: syntax error : '{'
d:\source-sdk-2011\src\game\gamepadui\gamepadui_frame.h(45): error C2334: unexpected token(s) preceding '{'; skipping apparent function body
d:\source-sdk-2011\src\game\gamepadui\gamepadui_frame.h(46): error C2059: syntax error : '{'
d:\source-sdk-2011\src\game\gamepadui\gamepadui_frame.h(46): error C2334: unexpected token(s) preceding '{'; skipping apparent function body
d:\source-sdk-2011\src\game\gamepadui\gamepadui_frame.h(47): error C2059: syntax error : '{'
d:\source-sdk-2011\src\game\gamepadui\gamepadui_frame.h(47): error C2334: unexpected token(s) preceding '{'; skipping apparent function body
d:\source-sdk-2011\src\game\gamepadui\gamepadui_button.h(127): warning C4481: nonstandard extension used: override specifier 'override'
d:\source-sdk-2011\src\game\gamepadui\gamepadui_button.h(128): warning C4481: nonstandard extension used: override specifier 'override'
d:\source-sdk-2011\src\game\gamepadui\gamepadui_button.h(129): warning C4481: nonstandard extension used: override specifier 'override'
d:\source-sdk-2011\src\game\gamepadui\gamepadui_button.h(130): warning C4481: nonstandard extension used: override specifier 'override'
d:\source-sdk-2011\src\game\gamepadui\gamepadui_button.h(131): warning C4481: nonstandard extension used: override specifier 'override'
d:\source-sdk-2011\src\game\gamepadui\gamepadui_button.h(132): warning C4481: nonstandard extension used: override specifier 'override'
d:\source-sdk-2011\src\game\gamepadui\gamepadui_button.h(133): warning C4481: nonstandard extension used: override specifier 'override'
d:\source-sdk-2011\src\game\gamepadui\gamepadui_button.h(134): warning C4481: nonstandard extension used: override specifier 'override'
d:\source-sdk-2011\src\game\gamepadui\gamepadui_button.h(135): warning C4481: nonstandard extension used: override specifier 'override'
d:\source-sdk-2011\src\game\gamepadui\gamepadui_button.h(206): error C2059: syntax error : '{'
d:\source-sdk-2011\src\game\gamepadui\gamepadui_button.h(206): error C2334: unexpected token(s) preceding '{'; skipping apparent function body
d:\source-sdk-2011\src\game\gamepadui\gamepadui_button.h(207): error C2059: syntax error : '{'
d:\source-sdk-2011\src\game\gamepadui\gamepadui_button.h(207): error C2334: unexpected token(s) preceding '{'; skipping apparent function body
d:\source-sdk-2011\src\game\gamepadui\gamepadui_button.h(127): warning C4481: nonstandard extension used: override specifier 'override'
d:\source-sdk-2011\src\game\gamepadui\gamepadui_button.h(208): error C2059: syntax error : '{'
d:\source-sdk-2011\src\game\gamepadui\gamepadui_button.h(128): warning C4481: nonstandard extension used: override specifier 'override'
d:\source-sdk-2011\src\game\gamepadui\gamepadui_button.h(208): error C2334: unexpected token(s) preceding '{'; skipping apparent function body
d:\source-sdk-2011\src\game\gamepadui\gamepadui_button.h(129): warning C4481: nonstandard extension used: override specifier 'override'
d:\source-sdk-2011\src\game\gamepadui\gamepadui_button.h(130): warning C4481: nonstandard extension used: override specifier 'override'
d:\source-sdk-2011\src\game\gamepadui\gamepadui_button.h(131): warning C4481: nonstandard extension used: override specifier 'override'
d:\source-sdk-2011\src\game\gamepadui\gamepadui_button.h(209): error C2059: syntax error : '{'
d:\source-sdk-2011\src\game\gamepadui\gamepadui_button.h(132): warning C4481: nonstandard extension used: override specifier 'override'
d:\source-sdk-2011\src\game\gamepadui\gamepadui_button.h(209): error C2334: unexpected token(s) preceding '{'; skipping apparent function body
d:\source-sdk-2011\src\game\gamepadui\gamepadui_button.h(133): warning C4481: nonstandard extension used: override specifier 'override'
d:\source-sdk-2011\src\game\gamepadui\gamepadui_button.h(134): warning C4481: nonstandard extension used: override specifier 'override'
d:\source-sdk-2011\src\game\gamepadui\gamepadui_button.h(135): warning C4481: nonstandard extension used: override specifier 'override'
d:\source-sdk-2011\src\game\gamepadui\gamepadui_button.h(210): error C2059: syntax error : '{'
d:\source-sdk-2011\src\game\gamepadui\gamepadui_button.h(210): error C2334: unexpected token(s) preceding '{'; skipping apparent function body
d:\source-sdk-2011\src\game\gamepadui\gamepadui_button.h(211): error C2059: syntax error : '{'
d:\source-sdk-2011\src\game\gamepadui\gamepadui_button.h(211): error C2334: unexpected token(s) preceding '{'; skipping apparent function body
d:\source-sdk-2011\src\game\gamepadui\gamepadui_button.h(206): error C2059: syntax error : '{'
d:\source-sdk-2011\src\game\gamepadui\gamepadui_button.h(206): error C2334: unexpected token(s) preceding '{'; skipping apparent function body
d:\source-sdk-2011\src\game\gamepadui\gamepadui_button.h(212): error C2059: syntax error : '{'
d:\source-sdk-2011\src\game\gamepadui\gamepadui_button.h(212): error C2334: unexpected token(s) preceding '{'; skipping apparent function body
d:\source-sdk-2011\src\game\gamepadui\gamepadui_frame.h(18): warning C4481: nonstandard extension used: override specifier 'override'
d:\source-sdk-2011\src\game\gamepadui\gamepadui_frame.h(19): warning C4481: nonstandard extension used: override specifier 'override'
d:\source-sdk-2011\src\game\gamepadui\gamepadui_frame.h(20): warning C4481: nonstandard extension used: override specifier 'override'
d:\source-sdk-2011\src\game\gamepadui\gamepadui_button.h(207): error C2059: syntax error : '{'
d:\source-sdk-2011\src\game\gamepadui\gamepadui_button.h(213): error C2059: syntax error : '{'
d:\source-sdk-2011\src\game\gamepadui\gamepadui_frame.h(21): warning C4481: nonstandard extension used: override specifier 'override'
d:\source-sdk-2011\src\game\gamepadui\gamepadui_button.h(207): error C2334: unexpected token(s) preceding '{'; skipping apparent function body
d:\source-sdk-2011\src\game\gamepadui\gamepadui_button.h(213): error C2334: unexpected token(s) preceding '{'; skipping apparent function body
d:\source-sdk-2011\src\game\gamepadui\gamepadui_frame.h(22): warning C4481: nonstandard extension used: override specifier 'override'
d:\source-sdk-2011\src\game\gamepadui\gamepadui_button.h(208): error C2059: syntax error : '{'
d:\source-sdk-2011\src\game\gamepadui\gamepadui_button.h(214): error C2059: syntax error : '{'
d:\source-sdk-2011\src\game\gamepadui\gamepadui_button.h(208): error C2334: unexpected token(s) preceding '{'; skipping apparent function body
d:\source-sdk-2011\src\game\gamepadui\gamepadui_frame.h(40): error C2059: syntax error : '{'
d:\source-sdk-2011\src\game\gamepadui\gamepadui_button.h(214): error C2334: unexpected token(s) preceding '{'; skipping apparent function body
d:\source-sdk-2011\src\game\gamepadui\gamepadui_frame.h(40): error C2334: unexpected token(s) preceding '{'; skipping apparent function body
d:\source-sdk-2011\src\game\gamepadui\gamepadui_button.h(209): error C2059: syntax error : '{'
d:\source-sdk-2011\src\game\gamepadui\gamepadui_frame.h(42): error C2059: syntax error : '{'
d:\source-sdk-2011\src\game\gamepadui\gamepadui_button.h(209): error C2334: unexpected token(s) preceding '{'; skipping apparent function body
d:\source-sdk-2011\src\game\gamepadui\gamepadui_button.h(215): error C2059: syntax error : '{'
d:\source-sdk-2011\src\game\gamepadui\gamepadui_frame.h(42): error C2334: unexpected token(s) preceding '{'; skipping apparent function body
d:\source-sdk-2011\src\game\gamepadui\gamepadui_button.h(210): error C2059: syntax error : '{'
d:\source-sdk-2011\src\game\gamepadui\gamepadui_button.h(215): error C2334: unexpected token(s) preceding '{'; skipping apparent function body
d:\source-sdk-2011\src\game\gamepadui\gamepadui_button.h(210): error C2334: unexpected token(s) preceding '{'; skipping apparent function body
d:\source-sdk-2011\src\game\gamepadui\gamepadui_frame.h(43): error C2059: syntax error : '{'
d:\source-sdk-2011\src\game\gamepadui\gamepadui_button.h(216): error C2059: syntax error : '{'
d:\source-sdk-2011\src\game\gamepadui\gamepadui_frame.h(43): error C2334: unexpected token(s) preceding '{'; skipping apparent function body
d:\source-sdk-2011\src\game\gamepadui\gamepadui_button.h(211): error C2059: syntax error : '{'
d:\source-sdk-2011\src\game\gamepadui\gamepadui_button.h(216): error C2334: unexpected token(s) preceding '{'; skipping apparent function body
d:\source-sdk-2011\src\game\gamepadui\gamepadui_mainmenu.h(31): warning C4481: nonstandard extension used: override specifier 'override'
d:\source-sdk-2011\src\game\gamepadui\gamepadui_button.h(211): error C2334: unexpected token(s) preceding '{'; skipping apparent function body
d:\source-sdk-2011\src\game\gamepadui\gamepadui_frame.h(45): error C2059: syntax error : '{'
d:\source-sdk-2011\src\game\gamepadui\gamepadui_frame.h(18): warning C4481: nonstandard extension used: override specifier 'override'
d:\source-sdk-2011\src\game\gamepadui\gamepadui_mainmenu.h(32): warning C4481: nonstandard extension used: override specifier 'override'
d:\source-sdk-2011\src\game\gamepadui\gamepadui_frame.h(45): error C2334: unexpected token(s) preceding '{'; skipping apparent function body
d:\source-sdk-2011\src\game\gamepadui\gamepadui_button.h(218): error C2059: syntax error : '{'
d:\source-sdk-2011\src\game\gamepadui\gamepadui_frame.h(19): warning C4481: nonstandard extension used: override specifier 'override'
d:\source-sdk-2011\src\game\gamepadui\gamepadui_button.h(212): error C2059: syntax error : '{'
d:\source-sdk-2011\src\game\gamepadui\gamepadui_mainmenu.h(33): warning C4481: nonstandard extension used: override specifier 'override'
d:\source-sdk-2011\src\game\gamepadui\gamepadui_button.h(218): error C2334: unexpected token(s) preceding '{'; skipping apparent function body
d:\source-sdk-2011\src\game\gamepadui\gamepadui_frame.h(46): error C2059: syntax error : '{'
d:\source-sdk-2011\src\game\gamepadui\gamepadui_button.h(212): error C2334: unexpected token(s) preceding '{'; skipping apparent function body
d:\source-sdk-2011\src\game\gamepadui\gamepadui_mainmenu.h(34): warning C4481: nonstandard extension used: override specifier 'override'
d:\source-sdk-2011\src\game\gamepadui\gamepadui_frame.h(20): warning C4481: nonstandard extension used: override specifier 'override'
d:\source-sdk-2011\src\game\gamepadui\gamepadui_frame.h(46): error C2334: unexpected token(s) preceding '{'; skipping apparent function body
d:\source-sdk-2011\src\game\gamepadui\gamepadui_mainmenu.h(36): warning C4481: nonstandard extension used: override specifier 'override'
d:\source-sdk-2011\src\game\gamepadui\gamepadui_button.h(219): error C2059: syntax error : '{'
d:\source-sdk-2011\src\game\gamepadui\gamepadui_frame.h(21): warning C4481: nonstandard extension used: override specifier 'override'
d:\source-sdk-2011\src\game\gamepadui\gamepadui_button.h(213): error C2059: syntax error : '{'
d:\source-sdk-2011\src\game\gamepadui\gamepadui_mainmenu.h(37): warning C4481: nonstandard extension used: override specifier 'override'
d:\source-sdk-2011\src\game\gamepadui\gamepadui_frame.h(47): error C2059: syntax error : '{'
d:\source-sdk-2011\src\game\gamepadui\gamepadui_button.h(219): error C2334: unexpected token(s) preceding '{'; skipping apparent function body
d:\source-sdk-2011\src\game\gamepadui\gamepadui_frame.h(22): warning C4481: nonstandard extension used: override specifier 'override'
d:\source-sdk-2011\src\game\gamepadui\gamepadui_button.h(213): error C2334: unexpected token(s) preceding '{'; skipping apparent function body
d:\source-sdk-2011\src\game\gamepadui\gamepadui_frame.h(47): error C2334: unexpected token(s) preceding '{'; skipping apparent function body
d:\source-sdk-2011\src\game\gamepadui\gamepadui_button.h(221): error C2059: syntax error : '{'
d:\source-sdk-2011\src\game\gamepadui\gamepadui_button.h(221): error C2334: unexpected token(s) preceding '{'; skipping apparent function body
d:\source-sdk-2011\src\game\gamepadui\gamepadui_frame.h(40): error C2059: syntax error : '{'
d:\source-sdk-2011\src\game\gamepadui\gamepadui_frame.h(40): error C2334: unexpected token(s) preceding '{'; skipping apparent function body
d:\source-sdk-2011\src\game\gamepadui\gamepadui_button.h(214): error C2059: syntax error : '{'
d:\source-sdk-2011\src\game\gamepadui\gamepadui_button.h(222): error C2059: syntax error : '{'
d:\source-sdk-2011\src\game\gamepadui\gamepadui_button.h(214): error C2334: unexpected token(s) preceding '{'; skipping apparent function body
d:\source-sdk-2011\src\game\gamepadui\gamepadui_frame.h(42): error C2059: syntax error : '{'
d:\source-sdk-2011\src\game\gamepadui\gamepadui_button.h(222): error C2334: unexpected token(s) preceding '{'; skipping apparent function body
d:\source-sdk-2011\src\game\gamepadui\gamepadui_frame.h(42): error C2334: unexpected token(s) preceding '{'; skipping apparent function body
d:\source-sdk-2011\src\game\gamepadui\gamepadui_button.h(215): error C2059: syntax error : '{'
d:\source-sdk-2011\src\game\gamepadui\gamepadui_button.h(215): error C2334: unexpected token(s) preceding '{'; skipping apparent function body
d:\source-sdk-2011\src\game\gamepadui\gamepadui_frame.h(43): error C2059: syntax error : '{'
d:\source-sdk-2011\src\game\gamepadui\gamepadui_button.h(224): error C2059: syntax error : '{'
d:\source-sdk-2011\src\game\gamepadui\gamepadui_frame.h(43): error C2334: unexpected token(s) preceding '{'; skipping apparent function body
d:\source-sdk-2011\src\game\gamepadui\gamepadui_button.h(224): error C2334: unexpected token(s) preceding '{'; skipping apparent function body
d:\source-sdk-2011\src\game\gamepadui\gamepadui_button.h(216): error C2059: syntax error : '{'
d:\source-sdk-2011\src\game\gamepadui\gamepadui_frame.h(45): error C2059: syntax error : '{'
d:\source-sdk-2011\src\game\gamepadui\gamepadui_button.h(225): error C2059: syntax error : '{'
d:\source-sdk-2011\src\game\gamepadui\gamepadui_button.h(216): error C2334: unexpected token(s) preceding '{'; skipping apparent function body
d:\source-sdk-2011\src\game\gamepadui\gamepadui_frame.h(45): error C2334: unexpected token(s) preceding '{'; skipping apparent function body
d:\source-sdk-2011\src\game\gamepadui\gamepadui_mainmenu.h(59): error C2059: syntax error : '{'
d:\source-sdk-2011\src\game\gamepadui\gamepadui_button.h(225): error C2334: unexpected token(s) preceding '{'; skipping apparent function body
d:\source-sdk-2011\src\game\gamepadui\gamepadui_mainmenu.h(59): error C2334: unexpected token(s) preceding '{'; skipping apparent function body
d:\source-sdk-2011\src\game\gamepadui\gamepadui_button.h(218): error C2059: syntax error : '{'
d:\source-sdk-2011\src\game\gamepadui\gamepadui_frame.h(46): error C2059: syntax error : '{'
d:\source-sdk-2011\src\game\gamepadui\gamepadui_button.h(218): error C2334: unexpected token(s) preceding '{'; skipping apparent function body
d:\source-sdk-2011\src\game\gamepadui\gamepadui_frame.h(46): error C2334: unexpected token(s) preceding '{'; skipping apparent function body
d:\source-sdk-2011\src\game\gamepadui\gamepadui_mainmenu.h(60): error C2059: syntax error : '{'
d:\source-sdk-2011\src\game\gamepadui\gamepadui_button.h(219): error C2059: syntax error : '{'
d:\source-sdk-2011\src\game\gamepadui\gamepadui_frame.h(47): error C2059: syntax error : '{'
d:\source-sdk-2011\src\game\gamepadui\gamepadui_mainmenu.h(60): error C2334: unexpected token(s) preceding '{'; skipping apparent function body
d:\source-sdk-2011\src\game\gamepadui\gamepadui_button.h(219): error C2334: unexpected token(s) preceding '{'; skipping apparent function body
d:\source-sdk-2011\src\game\gamepadui\gamepadui_frame.h(47): error C2334: unexpected token(s) preceding '{'; skipping apparent function body
d:\source-sdk-2011\src\game\gamepadui\gamepadui_mainmenu.h(61): error C2059: syntax error : '{'
d:\source-sdk-2011\src\game\gamepadui\gamepadui_mainmenu.h(61): error C2334: unexpected token(s) preceding '{'; skipping apparent function body
d:\source-sdk-2011\src\game\gamepadui\gamepadui_mainmenu.h(62): error C2059: syntax error : '{'
d:\source-sdk-2011\src\game\gamepadui\gamepadui_mainmenu.h(62): error C2334: unexpected token(s) preceding '{'; skipping apparent function body
d:\source-sdk-2011\src\game\gamepadui\gamepadui_button.h(221): error C2059: syntax error : '{'
d:\source-sdk-2011\src\game\gamepadui\gamepadui_button.h(221): error C2334: unexpected token(s) preceding '{'; skipping apparent function body
d:\source-sdk-2011\src\game\gamepadui\gamepadui_mainmenu.h(64): error C2059: syntax error : '{'
d:\source-sdk-2011\src\game\gamepadui\gamepadui_mainmenu.h(64): error C2334: unexpected token(s) preceding '{'; skipping apparent function body
d:\source-sdk-2011\src\game\gamepadui\gamepadui_mainmenu.h(65): error C2059: syntax error : '{'
d:\source-sdk-2011\src\game\gamepadui\gamepadui_mainmenu.h(65): error C2334: unexpected token(s) preceding '{'; skipping apparent function body
d:\source-sdk-2011\src\game\gamepadui\gamepadui_button.h(222): error C2059: syntax error : '{'
d:\source-sdk-2011\src\game\gamepadui\gamepadui_button.h(222): error C2334: unexpected token(s) preceding '{'; skipping apparent function body
d:\source-sdk-2011\src\game\gamepadui\gamepadui_mainmenu.h(66): error C2059: syntax error : '{'
d:\source-sdk-2011\src\game\gamepadui\gamepadui_mainmenu.h(66): error C2334: unexpected token(s) preceding '{'; skipping apparent function body
d:\source-sdk-2011\src\game\gamepadui\gamepadui_button.h(224): error C2059: syntax error : '{'
d:\source-sdk-2011\src\game\gamepadui\gamepadui_button.h(224): error C2334: unexpected token(s) preceding '{'; skipping apparent function body
d:\source-sdk-2011\src\game\gamepadui\gamepadui_mainmenu.h(68): error C2059: syntax error : '{'
d:\source-sdk-2011\src\game\gamepadui\gamepadui_mainmenu.h(68): error C2334: unexpected token(s) preceding '{'; skipping apparent function body
d:\source-sdk-2011\src\game\gamepadui\gamepadui_button.h(225): error C2059: syntax error : '{'
d:\source-sdk-2011\src\game\gamepadui\gamepadui_button.h(225): error C2334: unexpected token(s) preceding '{'; skipping apparent function body
d:\source-sdk-2011\src\game\gamepadui\gamepadui_frame.h(18): warning C4481: nonstandard extension used: override specifier 'override'
d:\source-sdk-2011\src\game\gamepadui\gamepadui_frame.h(19): warning C4481: nonstandard extension used: override specifier 'override'
d:\source-sdk-2011\src\game\gamepadui\gamepadui_frame.h(20): warning C4481: nonstandard extension used: override specifier 'override'
d:\source-sdk-2011\src\game\gamepadui\gamepadui_frame.h(21): warning C4481: nonstandard extension used: override specifier 'override'
d:\source-sdk-2011\src\game\gamepadui\gamepadui_frame.h(22): warning C4481: nonstandard extension used: override specifier 'override'
d:\source-sdk-2011\src\game\gamepadui\gamepadui_frame.h(40): error C2059: syntax error : '{'
d:\source-sdk-2011\src\game\gamepadui\gamepadui_frame.h(40): error C2334: unexpected token(s) preceding '{'; skipping apparent function body
d:\source-sdk-2011\src\game\gamepadui\gamepadui_frame.h(42): error C2059: syntax error : '{'
d:\source-sdk-2011\src\game\gamepadui\gamepadui_frame.h(42): error C2334: unexpected token(s) preceding '{'; skipping apparent function body
d:\source-sdk-2011\src\game\gamepadui\gamepadui_frame.h(43): error C2059: syntax error : '{'
d:\source-sdk-2011\src\game\gamepadui\gamepadui_frame.h(43): error C2334: unexpected token(s) preceding '{'; skipping apparent function body
d:\source-sdk-2011\src\game\gamepadui\gamepadui_frame.h(45): error C2059: syntax error : '{'
d:\source-sdk-2011\src\game\gamepadui\gamepadui_frame.h(45): error C2334: unexpected token(s) preceding '{'; skipping apparent function body
d:\source-sdk-2011\src\game\gamepadui\gamepadui_frame.h(46): error C2059: syntax error : '{'
d:\source-sdk-2011\src\game\gamepadui\gamepadui_frame.h(46): error C2334: unexpected token(s) preceding '{'; skipping apparent function body
d:\source-sdk-2011\src\game\gamepadui\gamepadui_frame.h(47): error C2059: syntax error : '{'
d:\source-sdk-2011\src\game\gamepadui\gamepadui_frame.h(47): error C2334: unexpected token(s) preceding '{'; skipping apparent function body
d:\source-sdk-2011\src\game\gamepadui\gamepadui_mainmenu.h(31): warning C4481: nonstandard extension used: override specifier 'override'
d:\source-sdk-2011\src\game\gamepadui\gamepadui_mainmenu.h(32): warning C4481: nonstandard extension used: override specifier 'override'
d:\source-sdk-2011\src\game\gamepadui\gamepadui_mainmenu.h(33): warning C4481: nonstandard extension used: override specifier 'override'
d:\source-sdk-2011\src\game\gamepadui\gamepadui_mainmenu.h(34): warning C4481: nonstandard extension used: override specifier 'override'
d:\source-sdk-2011\src\game\gamepadui\gamepadui_mainmenu.h(36): warning C4481: nonstandard extension used: override specifier 'override'
d:\source-sdk-2011\src\game\gamepadui\gamepadui_mainmenu.h(37): warning C4481: nonstandard extension used: override specifier 'override'
d:\source-sdk-2011\src\game\gamepadui\gamepadui_mainmenu.h(59): error C2059: syntax error : '{'
d:\source-sdk-2011\src\game\gamepadui\gamepadui_mainmenu.h(59): error C2334: unexpected token(s) preceding '{'; skipping apparent function body
d:\source-sdk-2011\src\game\gamepadui\gamepadui_mainmenu.h(60): error C2059: syntax error : '{'
d:\source-sdk-2011\src\game\gamepadui\gamepadui_mainmenu.h(60): error C2334: unexpected token(s) preceding '{'; skipping apparent function body
d:\source-sdk-2011\src\game\gamepadui\gamepadui_mainmenu.h(61): error C2059: syntax error : '{'
d:\source-sdk-2011\src\game\gamepadui\gamepadui_mainmenu.h(61): error C2334: unexpected token(s) preceding '{'; skipping apparent function body
d:\source-sdk-2011\src\game\gamepadui\gamepadui_mainmenu.h(62): error C2059: syntax error : '{'
d:\source-sdk-2011\src\game\gamepadui\gamepadui_mainmenu.h(62): error C2334: unexpected token(s) preceding '{'; skipping apparent function body
d:\source-sdk-2011\src\game\gamepadui\gamepadui_mainmenu.h(64): error C2059: syntax error : '{'
d:\source-sdk-2011\src\game\gamepadui\gamepadui_mainmenu.h(64): error C2334: unexpected token(s) preceding '{'; skipping apparent function body
d:\source-sdk-2011\src\game\gamepadui\gamepadui_mainmenu.h(65): error C2059: syntax error : '{'
d:\source-sdk-2011\src\game\gamepadui\gamepadui_mainmenu.h(65): error C2334: unexpected token(s) preceding '{'; skipping apparent function body
d:\source-sdk-2011\src\game\gamepadui\gamepadui_mainmenu.h(66): error C2059: syntax error : '{'
d:\source-sdk-2011\src\game\gamepadui\gamepadui_mainmenu.h(66): error C2334: unexpected token(s) preceding '{'; skipping apparent function body
d:\source-sdk-2011\src\game\gamepadui\gamepadui_mainmenu.h(68): error C2059: syntax error : '{'
d:\source-sdk-2011\src\game\gamepadui\gamepadui_mainmenu.h(68): error C2334: unexpected token(s) preceding '{'; skipping apparent function body
d:\source-sdk-2011\src\game\gamepadui\gamepadui_mainmenu.h(31): warning C4481: nonstandard extension used: override specifier 'override'
d:\source-sdk-2011\src\game\gamepadui\gamepadui_mainmenu.h(32): warning C4481: nonstandard extension used: override specifier 'override'
d:\source-sdk-2011\src\game\gamepadui\gamepadui_mainmenu.h(33): warning C4481: nonstandard extension used: override specifier 'override'
d:\source-sdk-2011\src\game\gamepadui\gamepadui_mainmenu.h(34): warning C4481: nonstandard extension used: override specifier 'override'
d:\source-sdk-2011\src\game\gamepadui\gamepadui_mainmenu.h(36): warning C4481: nonstandard extension used: override specifier 'override'
d:\source-sdk-2011\src\game\gamepadui\gamepadui_mainmenu.h(37): warning C4481: nonstandard extension used: override specifier 'override'
d:\source-sdk-2011\src\game\gamepadui\gamepadui_mainmenu.h(59): error C2059: syntax error : '{'
d:\source-sdk-2011\src\game\gamepadui\gamepadui_mainmenu.h(59): error C2334: unexpected token(s) preceding '{'; skipping apparent function body
d:\source-sdk-2011\src\game\gamepadui\gamepadui_mainmenu.h(60): error C2059: syntax error : '{'
d:\source-sdk-2011\src\game\gamepadui\gamepadui_mainmenu.h(60): error C2334: unexpected token(s) preceding '{'; skipping apparent function body
d:\source-sdk-2011\src\game\gamepadui\gamepadui_mainmenu.h(61): error C2059: syntax error : '{'
d:\source-sdk-2011\src\game\gamepadui\gamepadui_mainmenu.h(61): error C2334: unexpected token(s) preceding '{'; skipping apparent function body
d:\source-sdk-2011\src\game\gamepadui\gamepadui_mainmenu.h(62): error C2059: syntax error : '{'
d:\source-sdk-2011\src\game\gamepadui\gamepadui_mainmenu.h(62): error C2334: unexpected token(s) preceding '{'; skipping apparent function body
d:\source-sdk-2011\src\game\gamepadui\gamepadui_mainmenu.h(64): error C2059: syntax error : '{'
d:\source-sdk-2011\src\game\gamepadui\gamepadui_mainmenu.h(64): error C2334: unexpected token(s) preceding '{'; skipping apparent function body
d:\source-sdk-2011\src\game\gamepadui\gamepadui_mainmenu.h(65): error C2059: syntax error : '{'
d:\source-sdk-2011\src\game\gamepadui\gamepadui_mainmenu.h(65): error C2334: unexpected token(s) preceding '{'; skipping apparent function body
d:\source-sdk-2011\src\game\gamepadui\gamepadui_mainmenu.h(66): error C2059: syntax error : '{'
d:\source-sdk-2011\src\game\gamepadui\gamepadui_mainmenu.h(66): error C2334: unexpected token(s) preceding '{'; skipping apparent function body
d:\source-sdk-2011\src\game\gamepadui\gamepadui_mainmenu.h(68): error C2059: syntax error : '{'
d:\source-sdk-2011\src\game\gamepadui\gamepadui_mainmenu.h(68): error C2334: unexpected token(s) preceding '{'; skipping apparent function body
d:\source-sdk-2011\src\game\gamepadui\gamepadui_frame.h(18): warning C4481: nonstandard extension used: override specifier 'override'
d:\source-sdk-2011\src\game\gamepadui\gamepadui_frame.h(19): warning C4481: nonstandard extension used: override specifier 'override'
d:\source-sdk-2011\src\game\gamepadui\gamepadui_frame.h(20): warning C4481: nonstandard extension used: override specifier 'override'
d:\source-sdk-2011\src\game\gamepadui\gamepadui_frame.h(21): warning C4481: nonstandard extension used: override specifier 'override'
d:\source-sdk-2011\src\game\gamepadui\gamepadui_frame.h(22): warning C4481: nonstandard extension used: override specifier 'override'
d:\source-sdk-2011\src\game\gamepadui\gamepadui_frame.h(40): error C2059: syntax error : '{'
d:\source-sdk-2011\src\game\gamepadui\gamepadui_frame.h(40): error C2334: unexpected token(s) preceding '{'; skipping apparent function body
d:\source-sdk-2011\src\game\gamepadui\gamepadui_frame.h(42): error C2059: syntax error : '{'
d:\source-sdk-2011\src\game\gamepadui\gamepadui_frame.h(42): error C2334: unexpected token(s) preceding '{'; skipping apparent function body
d:\source-sdk-2011\src\game\gamepadui\gamepadui_frame.h(43): error C2059: syntax error : '{'
d:\source-sdk-2011\src\game\gamepadui\gamepadui_frame.h(43): error C2334: unexpected token(s) preceding '{'; skipping apparent function body
d:\source-sdk-2011\src\game\gamepadui\gamepadui_frame.h(45): error C2059: syntax error : '{'
d:\source-sdk-2011\src\game\gamepadui\gamepadui_frame.h(45): error C2334: unexpected token(s) preceding '{'; skipping apparent function body
d:\source-sdk-2011\src\game\gamepadui\gamepadui_frame.h(46): error C2059: syntax error : '{'
d:\source-sdk-2011\src\game\gamepadui\gamepadui_frame.h(46): error C2334: unexpected token(s) preceding '{'; skipping apparent function body
d:\source-sdk-2011\src\game\gamepadui\gamepadui_frame.h(47): error C2059: syntax error : '{'
d:\source-sdk-2011\src\game\gamepadui\gamepadui_frame.h(47): error C2334: unexpected token(s) preceding '{'; skipping apparent function body
d:\source-sdk-2011\src\game\gamepadui\gamepadui_button.h(127): warning C4481: nonstandard extension used: override specifier 'override'
d:\source-sdk-2011\src\game\gamepadui\gamepadui_button.h(128): warning C4481: nonstandard extension used: override specifier 'override'
d:\source-sdk-2011\src\game\gamepadui\gamepadui_button.h(129): warning C4481: nonstandard extension used: override specifier 'override'
d:\source-sdk-2011\src\game\gamepadui\gamepadui_button.h(130): warning C4481: nonstandard extension used: override specifier 'override'
d:\source-sdk-2011\src\game\gamepadui\gamepadui_button.h(131): warning C4481: nonstandard extension used: override specifier 'override'
d:\source-sdk-2011\src\game\gamepadui\gamepadui_button.h(132): warning C4481: nonstandard extension used: override specifier 'override'
d:\source-sdk-2011\src\game\gamepadui\gamepadui_button.h(133): warning C4481: nonstandard extension used: override specifier 'override'
d:\source-sdk-2011\src\game\gamepadui\gamepadui_button.h(134): warning C4481: nonstandard extension used: override specifier 'override'
d:\source-sdk-2011\src\game\gamepadui\gamepadui_button.h(135): warning C4481: nonstandard extension used: override specifier 'override'
d:\source-sdk-2011\src\game\gamepadui\gamepadui_button.h(206): error C2059: syntax error : '{'
d:\source-sdk-2011\src\game\gamepadui\gamepadui_button.h(206): error C2334: unexpected token(s) preceding '{'; skipping apparent function body
d:\source-sdk-2011\src\game\gamepadui\gamepadui_button.h(207): error C2059: syntax error : '{'
d:\source-sdk-2011\src\game\gamepadui\gamepadui_button.h(207): error C2334: unexpected token(s) preceding '{'; skipping apparent function body
d:\source-sdk-2011\src\game\gamepadui\gamepadui_button.h(208): error C2059: syntax error : '{'
d:\source-sdk-2011\src\game\gamepadui\gamepadui_button.h(208): error C2334: unexpected token(s) preceding '{'; skipping apparent function body
d:\source-sdk-2011\src\game\gamepadui\gamepadui_button.h(209): error C2059: syntax error : '{'
d:\source-sdk-2011\src\game\gamepadui\gamepadui_button.h(209): error C2334: unexpected token(s) preceding '{'; skipping apparent function body
d:\source-sdk-2011\src\game\gamepadui\gamepadui_button.h(210): error C2059: syntax error : '{'
d:\source-sdk-2011\src\game\gamepadui\gamepadui_button.h(210): error C2334: unexpected token(s) preceding '{'; skipping apparent function body
d:\source-sdk-2011\src\game\gamepadui\gamepadui_button.h(211): error C2059: syntax error : '{'
d:\source-sdk-2011\src\game\gamepadui\gamepadui_button.h(211): error C2334: unexpected token(s) preceding '{'; skipping apparent function body
d:\source-sdk-2011\src\game\gamepadui\gamepadui_button.h(212): error C2059: syntax error : '{'
d:\source-sdk-2011\src\game\gamepadui\gamepadui_button.h(212): error C2334: unexpected token(s) preceding '{'; skipping apparent function body
d:\source-sdk-2011\src\game\gamepadui\gamepadui_button.h(213): error C2059: syntax error : '{'
d:\source-sdk-2011\src\game\gamepadui\gamepadui_button.h(213): error C2334: unexpected token(s) preceding '{'; skipping apparent function body
d:\source-sdk-2011\src\game\gamepadui\gamepadui_button.h(214): error C2059: syntax error : '{'
d:\source-sdk-2011\src\game\gamepadui\gamepadui_button.h(214): error C2334: unexpected token(s) preceding '{'; skipping apparent function body
d:\source-sdk-2011\src\game\gamepadui\gamepadui_button.h(215): error C2059: syntax error : '{'
d:\source-sdk-2011\src\game\gamepadui\gamepadui_button.h(215): error C2334: unexpected token(s) preceding '{'; skipping apparent function body
d:\source-sdk-2011\src\game\gamepadui\gamepadui_button.h(127): warning C4481: nonstandard extension used: override specifier 'override'
d:\source-sdk-2011\src\game\gamepadui\gamepadui_button.h(128): warning C4481: nonstandard extension used: override specifier 'override'
d:\source-sdk-2011\src\game\gamepadui\gamepadui_button.h(129): warning C4481: nonstandard extension used: override specifier 'override'
d:\source-sdk-2011\src\game\gamepadui\gamepadui_button.h(130): warning C4481: nonstandard extension used: override specifier 'override'
d:\source-sdk-2011\src\game\gamepadui\gamepadui_button.h(131): warning C4481: nonstandard extension used: override specifier 'override'
d:\source-sdk-2011\src\game\gamepadui\gamepadui_button.h(132): warning C4481: nonstandard extension used: override specifier 'override'
d:\source-sdk-2011\src\game\gamepadui\gamepadui_button.h(133): warning C4481: nonstandard extension used: override specifier 'override'
d:\source-sdk-2011\src\game\gamepadui\gamepadui_button.h(134): warning C4481: nonstandard extension used: override specifier 'override'
d:\source-sdk-2011\src\game\gamepadui\gamepadui_button.h(135): warning C4481: nonstandard extension used: override specifier 'override'
d:\source-sdk-2011\src\game\gamepadui\gamepadui_button.h(216): error C2059: syntax error : '{'
d:\source-sdk-2011\src\game\gamepadui\gamepadui_button.h(216): error C2334: unexpected token(s) preceding '{'; skipping apparent function body
d:\source-sdk-2011\src\game\gamepadui\gamepadui_button.h(218): error C2059: syntax error : '{'
d:\source-sdk-2011\src\game\gamepadui\gamepadui_button.h(218): error C2334: unexpected token(s) preceding '{'; skipping apparent function body
d:\source-sdk-2011\src\game\gamepadui\gamepadui_button.h(206): error C2059: syntax error : '{'
d:\source-sdk-2011\src\game\gamepadui\gamepadui_button.h(206): error C2334: unexpected token(s) preceding '{'; skipping apparent function body
d:\source-sdk-2011\src\game\gamepadui\gamepadui_button.h(219): error C2059: syntax error : '{'
d:\source-sdk-2011\src\game\gamepadui\gamepadui_button.h(219): error C2334: unexpected token(s) preceding '{'; skipping apparent function body
d:\source-sdk-2011\src\game\gamepadui\gamepadui_button.h(207): error C2059: syntax error : '{'
d:\source-sdk-2011\src\game\gamepadui\gamepadui_button.h(207): error C2334: unexpected token(s) preceding '{'; skipping apparent function body
d:\source-sdk-2011\src\game\gamepadui\gamepadui_button.h(208): error C2059: syntax error : '{'
d:\source-sdk-2011\src\game\gamepadui\gamepadui_button.h(208): error C2334: unexpected token(s) preceding '{'; skipping apparent function body
d:\source-sdk-2011\src\game\gamepadui\gamepadui_button.h(221): error C2059: syntax error : '{'
d:\source-sdk-2011\src\game\gamepadui\gamepadui_button.h(221): error C2334: unexpected token(s) preceding '{'; skipping apparent function body
d:\source-sdk-2011\src\game\gamepadui\gamepadui_button.h(209): error C2059: syntax error : '{'
d:\source-sdk-2011\src\game\gamepadui\gamepadui_button.h(209): error C2334: unexpected token(s) preceding '{'; skipping apparent function body
d:\source-sdk-2011\src\game\gamepadui\gamepadui_button.h(222): error C2059: syntax error : '{'
d:\source-sdk-2011\src\game\gamepadui\gamepadui_button.h(210): error C2059: syntax error : '{'
d:\source-sdk-2011\src\game\gamepadui\gamepadui_button.h(222): error C2334: unexpected token(s) preceding '{'; skipping apparent function body
d:\source-sdk-2011\src\game\gamepadui\gamepadui_button.h(210): error C2334: unexpected token(s) preceding '{'; skipping apparent function body
d:\source-sdk-2011\src\game\gamepadui\gamepadui_button.h(224): error C2059: syntax error : '{'
d:\source-sdk-2011\src\game\gamepadui\gamepadui_button.h(224): error C2334: unexpected token(s) preceding '{'; skipping apparent function body
d:\source-sdk-2011\src\game\gamepadui\gamepadui_button.h(225): error C2059: syntax error : '{'
d:\source-sdk-2011\src\game\gamepadui\gamepadui_button.h(225): error C2334: unexpected token(s) preceding '{'; skipping apparent function body
d:\source-sdk-2011\src\game\gamepadui\gamepadui_button.h(211): error C2059: syntax error : '{'
d:\source-sdk-2011\src\game\gamepadui\gamepadui_button.h(211): error C2334: unexpected token(s) preceding '{'; skipping apparent function body
d:\source-sdk-2011\src\game\gamepadui\gamepadui_button.h(212): error C2059: syntax error : '{'
d:\source-sdk-2011\src\game\gamepadui\gamepadui_button.h(212): error C2334: unexpected token(s) preceding '{'; skipping apparent function body
d:\source-sdk-2011\src\game\gamepadui\gamepadui_button.h(213): error C2059: syntax error : '{'
d:\source-sdk-2011\src\game\gamepadui\gamepadui_button.h(213): error C2334: unexpected token(s) preceding '{'; skipping apparent function body
d:\source-sdk-2011\src\game\gamepadui\gamepadui_button.h(214): error C2059: syntax error : '{'
d:\source-sdk-2011\src\game\gamepadui\gamepadui_button.h(214): error C2334: unexpected token(s) preceding '{'; skipping apparent function body
d:\source-sdk-2011\src\game\gamepadui\gamepadui_button.h(215): error C2059: syntax error : '{'
d:\source-sdk-2011\src\game\gamepadui\gamepadui_button.h(215): error C2334: unexpected token(s) preceding '{'; skipping apparent function body
d:\source-sdk-2011\src\game\gamepadui\gamepadui_button.h(216): error C2059: syntax error : '{'
d:\source-sdk-2011\src\game\gamepadui\gamepadui_button.h(216): error C2334: unexpected token(s) preceding '{'; skipping apparent function body
d:\source-sdk-2011\src\game\gamepadui\gamepadui_button.h(218): error C2059: syntax error : '{'
d:\source-sdk-2011\src\game\gamepadui\gamepadui_button.h(218): error C2334: unexpected token(s) preceding '{'; skipping apparent function body
d:\source-sdk-2011\src\game\gamepadui\gamepadui_button.h(219): error C2059: syntax error : '{'
d:\source-sdk-2011\src\game\gamepadui\gamepadui_button.h(219): error C2334: unexpected token(s) preceding '{'; skipping apparent function body
d:\source-sdk-2011\src\game\gamepadui\gamepadui_button.h(221): error C2059: syntax error : '{'
d:\source-sdk-2011\src\game\gamepadui\gamepadui_button.h(221): error C2334: unexpected token(s) preceding '{'; skipping apparent function body
d:\source-sdk-2011\src\game\gamepadui\gamepadui_button.h(222): error C2059: syntax error : '{'
d:\source-sdk-2011\src\game\gamepadui\gamepadui_button.h(222): error C2334: unexpected token(s) preceding '{'; skipping apparent function body
d:\source-sdk-2011\src\game\gamepadui\gamepadui_button.h(224): error C2059: syntax error : '{'
d:\source-sdk-2011\src\game\gamepadui\gamepadui_button.h(224): error C2334: unexpected token(s) preceding '{'; skipping apparent function body
d:\source-sdk-2011\src\game\gamepadui\gamepadui_button.h(225): error C2059: syntax error : '{'
d:\source-sdk-2011\src\game\gamepadui\gamepadui_button.h(225): error C2334: unexpected token(s) preceding '{'; skipping apparent function body
d:\source-sdk-2011\src\game\gamepadui\gamepadui_frame.h(18): warning C4481: nonstandard extension used: override specifier 'override'
d:\source-sdk-2011\src\game\gamepadui\gamepadui_frame.h(19): warning C4481: nonstandard extension used: override specifier 'override'
d:\source-sdk-2011\src\game\gamepadui\gamepadui_frame.h(20): warning C4481: nonstandard extension used: override specifier 'override'
d:\source-sdk-2011\src\game\gamepadui\gamepadui_frame.h(21): warning C4481: nonstandard extension used: override specifier 'override'
d:\source-sdk-2011\src\game\gamepadui\gamepadui_frame.h(22): warning C4481: nonstandard extension used: override specifier 'override'
d:\source-sdk-2011\src\game\gamepadui\gamepadui_frame.h(40): error C2059: syntax error : '{'
d:\source-sdk-2011\src\game\gamepadui\gamepadui_frame.h(40): error C2334: unexpected token(s) preceding '{'; skipping apparent function body
d:\source-sdk-2011\src\game\gamepadui\gamepadui_frame.h(18): warning C4481: nonstandard extension used: override specifier 'override'
d:\source-sdk-2011\src\game\gamepadui\gamepadui_frame.h(19): warning C4481: nonstandard extension used: override specifier 'override'
d:\source-sdk-2011\src\game\gamepadui\gamepadui_frame.h(20): warning C4481: nonstandard extension used: override specifier 'override'
d:\source-sdk-2011\src\game\gamepadui\gamepadui_frame.h(21): warning C4481: nonstandard extension used: override specifier 'override'
d:\source-sdk-2011\src\game\gamepadui\gamepadui_frame.h(22): warning C4481: nonstandard extension used: override specifier 'override'
d:\source-sdk-2011\src\game\gamepadui\gamepadui_frame.h(42): error C2059: syntax error : '{'
d:\source-sdk-2011\src\game\gamepadui\gamepadui_frame.h(42): error C2334: unexpected token(s) preceding '{'; skipping apparent function body
d:\source-sdk-2011\src\game\gamepadui\gamepadui_frame.h(40): error C2059: syntax error : '{'
d:\source-sdk-2011\src\game\gamepadui\gamepadui_frame.h(40): error C2334: unexpected token(s) preceding '{'; skipping apparent function body
d:\source-sdk-2011\src\game\gamepadui\gamepadui_frame.h(42): error C2059: syntax error : '{'
d:\source-sdk-2011\src\game\gamepadui\gamepadui_frame.h(42): error C2334: unexpected token(s) preceding '{'; skipping apparent function body
d:\source-sdk-2011\src\game\gamepadui\gamepadui_frame.h(43): error C2059: syntax error : '{'
d:\source-sdk-2011\src\game\gamepadui\gamepadui_frame.h(43): error C2059: syntax error : '{'
d:\source-sdk-2011\src\game\gamepadui\gamepadui_frame.h(43): error C2334: unexpected token(s) preceding '{'; skipping apparent function body
d:\source-sdk-2011\src\game\gamepadui\gamepadui_frame.h(43): error C2334: unexpected token(s) preceding '{'; skipping apparent function body
d:\source-sdk-2011\src\game\gamepadui\gamepadui_frame.h(45): error C2059: syntax error : '{'
d:\source-sdk-2011\src\game\gamepadui\gamepadui_frame.h(45): error C2334: unexpected token(s) preceding '{'; skipping apparent function body
d:\source-sdk-2011\src\game\gamepadui\gamepadui_frame.h(45): error C2059: syntax error : '{'
d:\source-sdk-2011\src\game\gamepadui\gamepadui_frame.h(45): error C2334: unexpected token(s) preceding '{'; skipping apparent function body
d:\source-sdk-2011\src\game\gamepadui\gamepadui_frame.h(46): error C2059: syntax error : '{'
d:\source-sdk-2011\src\game\gamepadui\gamepadui_frame.h(46): error C2334: unexpected token(s) preceding '{'; skipping apparent function body
d:\source-sdk-2011\src\game\gamepadui\gamepadui_frame.h(46): error C2059: syntax error : '{'
d:\source-sdk-2011\src\game\gamepadui\gamepadui_frame.h(46): error C2334: unexpected token(s) preceding '{'; skipping apparent function body
d:\source-sdk-2011\src\game\gamepadui\gamepadui_frame.h(47): error C2059: syntax error : '{'
d:\source-sdk-2011\src\game\gamepadui\gamepadui_frame.h(47): error C2334: unexpected token(s) preceding '{'; skipping apparent function body
d:\source-sdk-2011\src\game\gamepadui\gamepadui_frame.h(47): error C2059: syntax error : '{'
d:\source-sdk-2011\src\game\gamepadui\gamepadui_frame.h(47): error C2334: unexpected token(s) preceding '{'; skipping apparent function body
d:\source-sdk-2011\src\game\gamepadui\gamepadui_mainmenu.cpp(44): warning C4482: nonstandard extension used: enum 'GradientSides::GradientSide' used in qualified name
d:\source-sdk-2011\src\game\gamepadui\gamepadui_mainmenu.cpp(44): error C2143: syntax error : missing ')' before '{'
d:\source-sdk-2011\src\game\gamepadui\gamepadui_mainmenu.cpp(44): error C2059: syntax error : ')'
d:\source-sdk-2011\src\game\gamepadui\gamepadui_mainmenu.cpp(44): error C2143: syntax error : missing ';' before '{'
d:\source-sdk-2011\src\game\gamepadui\gamepadui_mainmenu.cpp(44): error C2143: syntax error : missing ';' before '}'
d:\source-sdk-2011\src\game\gamepadui\gamepadui_mainmenu.cpp(44): error C2143: syntax error : missing ';' before ','
d:\source-sdk-2011\src\game\gamepadui\gamepadui_mainmenu.cpp(44): error C2059: syntax error : ')'
d:\source-sdk-2011\src\game\gamepadui\gamepadui_mainmenu.cpp(191): error C2143: syntax error : missing ',' before ':'
d:\source-sdk-2011\src\game\gamepadui\gamepadui_mainmenu.cpp(191): error C2530: 'buttons' : references must be initialized
d:\source-sdk-2011\src\game\gamepadui\gamepadui_mainmenu.cpp(192): error C2143: syntax error : missing ';' before '{'
d:\source-sdk-2011\src\game\gamepadui\gamepadui_mainmenu.cpp(206): error C2664: 'CUtlVector<T>::Sort' : cannot convert parameter 1 from '`anonymous-namespace'::<lambda0>' to 'int (__cdecl *)(const T *,const T *)'
          with
          [
              T=GamepadUIButton *
          ]
          No user-defined-conversion operator available that can perform this conversion, or the operator cannot be called
d:\source-sdk-2011\src\game\gamepadui\gamepadui_achievements.cpp(32): warning C4481: nonstandard extension used: override specifier 'override'
d:\source-sdk-2011\src\game\gamepadui\gamepadui_achievements.cpp(34): warning C4481: nonstandard extension used: override specifier 'override'
d:\source-sdk-2011\src\game\gamepadui\gamepadui_achievements.cpp(35): warning C4481: nonstandard extension used: override specifier 'override'
d:\source-sdk-2011\src\game\gamepadui\gamepadui_achievements.cpp(41): warning C4481: nonstandard extension used: override specifier 'override'
d:\source-sdk-2011\src\game\gamepadui\gamepadui_achievements.cpp(51): error C2059: syntax error : '{'
d:\source-sdk-2011\src\game\gamepadui\gamepadui_achievements.cpp(51): error C2334: unexpected token(s) preceding '{'; skipping apparent function body
d:\source-sdk-2011\src\game\gamepadui\gamepadui_achievements.cpp(52): error C2059: syntax error : '{'
d:\source-sdk-2011\src\game\gamepadui\gamepadui_achievements.cpp(52): error C2334: unexpected token(s) preceding '{'; skipping apparent function body
d:\source-sdk-2011\src\game\gamepadui\gamepadui_achievements.cpp(53): error C2059: syntax error : '{'
d:\source-sdk-2011\src\game\gamepadui\gamepadui_achievements.cpp(53): error C2334: unexpected token(s) preceding '{'; skipping apparent function body
d:\source-sdk-2011\src\game\gamepadui\gamepadui_achievements.cpp(54): error C2059: syntax error : '{'
d:\source-sdk-2011\src\game\gamepadui\gamepadui_achievements.cpp(54): error C2334: unexpected token(s) preceding '{'; skipping apparent function body
d:\source-sdk-2011\src\game\gamepadui\gamepadui_achievements.cpp(75): warning C4481: nonstandard extension used: override specifier 'override'
d:\source-sdk-2011\src\game\gamepadui\gamepadui_achievements.cpp(82): warning C4481: nonstandard extension used: override specifier 'override'
d:\source-sdk-2011\src\game\gamepadui\gamepadui_achievements.cpp(145): error C2059: syntax error : '{'
d:\source-sdk-2011\src\game\gamepadui\gamepadui_achievements.cpp(145): error C2334: unexpected token(s) preceding '{'; skipping apparent function body
d:\source-sdk-2011\src\game\gamepadui\gamepadui_achievements.cpp(146): error C2059: syntax error : '{'
d:\source-sdk-2011\src\game\gamepadui\gamepadui_achievements.cpp(146): error C2334: unexpected token(s) preceding '{'; skipping apparent function body
d:\source-sdk-2011\src\game\gamepadui\gamepadui_achievements.cpp(148): error C2059: syntax error : '{'
d:\source-sdk-2011\src\game\gamepadui\gamepadui_achievements.cpp(148): error C2334: unexpected token(s) preceding '{'; skipping apparent function body
d:\source-sdk-2011\src\game\gamepadui\gamepadui_achievements.cpp(149): error C2059: syntax error : '{'
d:\source-sdk-2011\src\game\gamepadui\gamepadui_achievements.cpp(149): error C2334: unexpected token(s) preceding '{'; skipping apparent function body
d:\source-sdk-2011\src\game\gamepadui\gamepadui_achievements.cpp(150): error C2059: syntax error : '{'
d:\source-sdk-2011\src\game\gamepadui\gamepadui_achievements.cpp(150): error C2334: unexpected token(s) preceding '{'; skipping apparent function body
d:\source-sdk-2011\src\game\gamepadui\gamepadui_achievements.cpp(222): warning C4482: nonstandard extension used: enum 'GradientSides::GradientSide' used in qualified name
d:\source-sdk-2011\src\game\gamepadui\gamepadui_achievements.cpp(222): error C2143: syntax error : missing ')' before '{'
d:\source-sdk-2011\src\game\gamepadui\gamepadui_achievements.cpp(222): error C2059: syntax error : ')'
d:\source-sdk-2011\src\game\gamepadui\gamepadui_achievements.cpp(222): error C2143: syntax error : missing ';' before '{'
d:\source-sdk-2011\src\game\gamepadui\gamepadui_achievements.cpp(222): error C2143: syntax error : missing ';' before '}'
d:\source-sdk-2011\src\game\gamepadui\gamepadui_achievements.cpp(222): error C2143: syntax error : missing ';' before ','
d:\source-sdk-2011\src\game\gamepadui\gamepadui_achievements.cpp(222): error C2059: syntax error : ')'
d:\source-sdk-2011\src\game\gamepadui\gamepadui_achievements.cpp(223): warning C4482: nonstandard extension used: enum 'GradientSides::GradientSide' used in qualified name
d:\source-sdk-2011\src\game\gamepadui\gamepadui_achievements.cpp(223): error C2143: syntax error : missing ')' before '{'
d:\source-sdk-2011\src\game\gamepadui\gamepadui_achievements.cpp(223): error C2059: syntax error : ')'
d:\source-sdk-2011\src\game\gamepadui\gamepadui_achievements.cpp(223): error C2143: syntax error : missing ';' before '{'
d:\source-sdk-2011\src\game\gamepadui\gamepadui_achievements.cpp(223): error C2143: syntax error : missing ';' before '}'
d:\source-sdk-2011\src\game\gamepadui\gamepadui_achievements.cpp(223): error C2143: syntax error : missing ';' before ','
d:\source-sdk-2011\src\game\gamepadui\gamepadui_achievements.cpp(223): error C2059: syntax error : ')'
d:\source-sdk-2011\src\game\gamepadui\gamepadui_genericconfirmation.h(20): warning C4481: nonstandard extension used: override specifier 'override'
d:\source-sdk-2011\src\game\gamepadui\gamepadui_genericconfirmation.h(21): warning C4481: nonstandard extension used: override specifier 'override'
d:\source-sdk-2011\src\game\gamepadui\gamepadui_genericconfirmation.h(22): warning C4481: nonstandard extension used: override specifier 'override'
d:\source-sdk-2011\src\game\gamepadui\gamepadui_genericconfirmation.h(23): warning C4481: nonstandard extension used: override specifier 'override'
d:\source-sdk-2011\src\game\gamepadui\gamepadui_genericconfirmation.h(33): error C2059: syntax error : '{'
d:\source-sdk-2011\src\game\gamepadui\gamepadui_genericconfirmation.h(33): error C2334: unexpected token(s) preceding '{'; skipping apparent function body
d:\source-sdk-2011\src\game\gamepadui\gamepadui_genericconfirmation.h(35): error C2059: syntax error : '{'
d:\source-sdk-2011\src\game\gamepadui\gamepadui_genericconfirmation.h(35): error C2334: unexpected token(s) preceding '{'; skipping apparent function body
d:\source-sdk-2011\src\game\gamepadui\gamepadui_genericconfirmation.h(36): error C2059: syntax error : '{'
d:\source-sdk-2011\src\game\gamepadui\gamepadui_genericconfirmation.h(36): error C2334: unexpected token(s) preceding '{'; skipping apparent function body
d:\source-sdk-2011\src\game\gamepadui\gamepadui_genericconfirmation.cpp(74): warning C4482: nonstandard extension used: enum 'GradientSides::GradientSide' used in qualified name
d:\source-sdk-2011\src\game\gamepadui\gamepadui_genericconfirmation.cpp(74): error C2143: syntax error : missing ')' before '{'
d:\source-sdk-2011\src\game\gamepadui\gamepadui_genericconfirmation.cpp(74): error C2059: syntax error : ')'
d:\source-sdk-2011\src\game\gamepadui\gamepadui_genericconfirmation.cpp(74): error C2143: syntax error : missing ';' before '{'
d:\source-sdk-2011\src\game\gamepadui\gamepadui_genericconfirmation.cpp(74): error C2143: syntax error : missing ';' before '}'
d:\source-sdk-2011\src\game\gamepadui\gamepadui_genericconfirmation.cpp(74): error C2143: syntax error : missing ';' before ','
d:\source-sdk-2011\src\game\gamepadui\gamepadui_genericconfirmation.cpp(74): error C2059: syntax error : ')'
d:\source-sdk-2011\src\game\gamepadui\gamepadui_genericconfirmation.cpp(75): warning C4482: nonstandard extension used: enum 'GradientSides::GradientSide' used in qualified name
d:\source-sdk-2011\src\game\gamepadui\gamepadui_genericconfirmation.cpp(75): error C2143: syntax error : missing ')' before '{'
d:\source-sdk-2011\src\game\gamepadui\gamepadui_genericconfirmation.cpp(75): error C2059: syntax error : ')'
d:\source-sdk-2011\src\game\gamepadui\gamepadui_genericconfirmation.cpp(75): error C2143: syntax error : missing ';' before '{'
d:\source-sdk-2011\src\game\gamepadui\gamepadui_genericconfirmation.cpp(75): error C2143: syntax error : missing ';' before '}'
d:\source-sdk-2011\src\game\gamepadui\gamepadui_genericconfirmation.cpp(75): error C2143: syntax error : missing ';' before ','
d:\source-sdk-2011\src\game\gamepadui\gamepadui_genericconfirmation.cpp(75): error C2059: syntax error : ')'
d:\source-sdk-2011\src\game\gamepadui\gamepadui_genericconfirmation.cpp(76): warning C4482: nonstandard extension used: enum 'GradientSides::GradientSide' used in qualified name
d:\source-sdk-2011\src\game\gamepadui\gamepadui_genericconfirmation.cpp(76): error C2143: syntax error : missing ')' before '{'
d:\source-sdk-2011\src\game\gamepadui\gamepadui_genericconfirmation.cpp(76): error C2059: syntax error : ')'
d:\source-sdk-2011\src\game\gamepadui\gamepadui_genericconfirmation.cpp(76): error C2143: syntax error : missing ';' before '{'
d:\source-sdk-2011\src\game\gamepadui\gamepadui_genericconfirmation.cpp(76): error C2143: syntax error : missing ';' before '}'
d:\source-sdk-2011\src\game\gamepadui\gamepadui_genericconfirmation.cpp(76): error C2143: syntax error : missing ';' before ','
d:\source-sdk-2011\src\game\gamepadui\gamepadui_genericconfirmation.cpp(76): error C2059: syntax error : ')'
d:\source-sdk-2011\src\game\gamepadui\gamepadui_genericconfirmation.h(20): warning C4481: nonstandard extension used: override specifier 'override'
d:\source-sdk-2011\src\game\gamepadui\gamepadui_genericconfirmation.h(21): warning C4481: nonstandard extension used: override specifier 'override'
d:\source-sdk-2011\src\game\gamepadui\gamepadui_genericconfirmation.h(22): warning C4481: nonstandard extension used: override specifier 'override'
d:\source-sdk-2011\src\game\gamepadui\gamepadui_genericconfirmation.h(23): warning C4481: nonstandard extension used: override specifier 'override'
d:\source-sdk-2011\src\game\gamepadui\gamepadui_genericconfirmation.h(33): error C2059: syntax error : '{'
d:\source-sdk-2011\src\game\gamepadui\gamepadui_genericconfirmation.h(33): error C2334: unexpected token(s) preceding '{'; skipping apparent function body
d:\source-sdk-2011\src\game\gamepadui\gamepadui_genericconfirmation.h(35): error C2059: syntax error : '{'
d:\source-sdk-2011\src\game\gamepadui\gamepadui_genericconfirmation.h(35): error C2334: unexpected token(s) preceding '{'; skipping apparent function body
d:\source-sdk-2011\src\game\gamepadui\gamepadui_genericconfirmation.h(36): error C2059: syntax error : '{'
d:\source-sdk-2011\src\game\gamepadui\gamepadui_genericconfirmation.h(36): error C2334: unexpected token(s) preceding '{'; skipping apparent function body
d:\source-sdk-2011\src\game\gamepadui\gamepadui_genericconfirmation.h(20): warning C4481: nonstandard extension used: override specifier 'override'
d:\source-sdk-2011\src\game\gamepadui\gamepadui_genericconfirmation.h(21): warning C4481: nonstandard extension used: override specifier 'override'
d:\source-sdk-2011\src\game\gamepadui\gamepadui_genericconfirmation.h(22): warning C4481: nonstandard extension used: override specifier 'override'
d:\source-sdk-2011\src\game\gamepadui\gamepadui_genericconfirmation.h(23): warning C4481: nonstandard extension used: override specifier 'override'
d:\source-sdk-2011\src\game\gamepadui\gamepadui_genericconfirmation.h(33): error C2059: syntax error : '{'
d:\source-sdk-2011\src\game\gamepadui\gamepadui_genericconfirmation.h(33): error C2334: unexpected token(s) preceding '{'; skipping apparent function body
d:\source-sdk-2011\src\game\gamepadui\gamepadui_genericconfirmation.h(35): error C2059: syntax error : '{'
d:\source-sdk-2011\src\game\gamepadui\gamepadui_genericconfirmation.h(35): error C2334: unexpected token(s) preceding '{'; skipping apparent function body
d:\source-sdk-2011\src\game\gamepadui\gamepadui_genericconfirmation.h(36): error C2059: syntax error : '{'
d:\source-sdk-2011\src\game\gamepadui\gamepadui_genericconfirmation.h(36): error C2334: unexpected token(s) preceding '{'; skipping apparent function body
d:\source-sdk-2011\src\game\gamepadui\gamepadui_genericconfirmation.h(20): warning C4481: nonstandard extension used: override specifier 'override'
d:\source-sdk-2011\src\game\gamepadui\gamepadui_genericconfirmation.h(21): warning C4481: nonstandard extension used: override specifier 'override'
d:\source-sdk-2011\src\game\gamepadui\gamepadui_genericconfirmation.h(22): warning C4481: nonstandard extension used: override specifier 'override'
d:\source-sdk-2011\src\game\gamepadui\gamepadui_genericconfirmation.h(23): warning C4481: nonstandard extension used: override specifier 'override'
d:\source-sdk-2011\src\game\gamepadui\gamepadui_genericconfirmation.h(33): error C2059: syntax error : '{'
d:\source-sdk-2011\src\game\gamepadui\gamepadui_genericconfirmation.h(33): error C2334: unexpected token(s) preceding '{'; skipping apparent function body
d:\source-sdk-2011\src\game\gamepadui\gamepadui_genericconfirmation.h(35): error C2059: syntax error : '{'
d:\source-sdk-2011\src\game\gamepadui\gamepadui_genericconfirmation.h(35): error C2334: unexpected token(s) preceding '{'; skipping apparent function body
d:\source-sdk-2011\src\game\gamepadui\gamepadui_genericconfirmation.h(36): error C2059: syntax error : '{'
d:\source-sdk-2011\src\game\gamepadui\gamepadui_genericconfirmation.h(36): error C2334: unexpected token(s) preceding '{'; skipping apparent function body
d:\source-sdk-2011\src\game\gamepadui\gamepadui_savegame.cpp(35): warning C4481: nonstandard extension used: override specifier 'override'
d:\source-sdk-2011\src\game\gamepadui\gamepadui_savegame.cpp(36): warning C4481: nonstandard extension used: override specifier 'override'
d:\source-sdk-2011\src\game\gamepadui\gamepadui_savegame.cpp(37): warning C4481: nonstandard extension used: override specifier 'override'
d:\source-sdk-2011\src\game\gamepadui\gamepadui_savegame.cpp(38): warning C4481: nonstandard extension used: override specifier 'override'
d:\source-sdk-2011\src\game\gamepadui\gamepadui_savegame.cpp(62): error C2059: syntax error : '{'
d:\source-sdk-2011\src\game\gamepadui\gamepadui_savegame.cpp(62): error C2334: unexpected token(s) preceding '{'; skipping apparent function body
d:\source-sdk-2011\src\game\gamepadui\gamepadui_savegame.cpp(63): error C2059: syntax error : '{'
d:\source-sdk-2011\src\game\gamepadui\gamepadui_savegame.cpp(63): error C2334: unexpected token(s) preceding '{'; skipping apparent function body
d:\source-sdk-2011\src\game\gamepadui\gamepadui_savegame.cpp(64): error C2059: syntax error : '{'
d:\source-sdk-2011\src\game\gamepadui\gamepadui_savegame.cpp(64): error C2334: unexpected token(s) preceding '{'; skipping apparent function body
d:\source-sdk-2011\src\game\gamepadui\gamepadui_savegame.cpp(65): error C2059: syntax error : '{'
d:\source-sdk-2011\src\game\gamepadui\gamepadui_savegame.cpp(65): error C2334: unexpected token(s) preceding '{'; skipping apparent function body
d:\source-sdk-2011\src\game\gamepadui\gamepadui_savegame.cpp(124): warning C4481: nonstandard extension used: override specifier 'override'
d:\source-sdk-2011\src\game\gamepadui\gamepadui_savegame.cpp(184): error C2143: syntax error : missing ')' before '{'
d:\source-sdk-2011\src\game\gamepadui\gamepadui_savegame.cpp(184): error C2143: syntax error : missing ';' before '{'
d:\source-sdk-2011\src\game\gamepadui\gamepadui_savegame.cpp(184): error C2143: syntax error : missing ';' before '}'
d:\source-sdk-2011\src\game\gamepadui\gamepadui_savegame.cpp(184): error C2059: syntax error : ')'
d:\source-sdk-2011\src\game\gamepadui\gamepadui_savegame.cpp(205): warning C4482: nonstandard extension used: enum 'GradientSides::GradientSide' used in qualified name
d:\source-sdk-2011\src\game\gamepadui\gamepadui_savegame.cpp(205): error C2143: syntax error : missing ')' before '{'
d:\source-sdk-2011\src\game\gamepadui\gamepadui_savegame.cpp(205): error C2059: syntax error : ')'
d:\source-sdk-2011\src\game\gamepadui\gamepadui_savegame.cpp(205): error C2143: syntax error : missing ';' before '{'
d:\source-sdk-2011\src\game\gamepadui\gamepadui_savegame.cpp(205): error C2143: syntax error : missing ';' before '}'
d:\source-sdk-2011\src\game\gamepadui\gamepadui_savegame.cpp(205): error C2143: syntax error : missing ';' before ','
d:\source-sdk-2011\src\game\gamepadui\gamepadui_savegame.cpp(205): error C2059: syntax error : ')'
d:\source-sdk-2011\src\game\gamepadui\gamepadui_savegame.cpp(206): warning C4482: nonstandard extension used: enum 'GradientSides::GradientSide' used in qualified name
d:\source-sdk-2011\src\game\gamepadui\gamepadui_savegame.cpp(206): error C2143: syntax error : missing ')' before '{'
d:\source-sdk-2011\src\game\gamepadui\gamepadui_savegame.cpp(206): error C2059: syntax error : ')'
d:\source-sdk-2011\src\game\gamepadui\gamepadui_savegame.cpp(206): error C2143: syntax error : missing ';' before '{'
d:\source-sdk-2011\src\game\gamepadui\gamepadui_savegame.cpp(206): error C2143: syntax error : missing ';' before '}'
d:\source-sdk-2011\src\game\gamepadui\gamepadui_savegame.cpp(206): error C2143: syntax error : missing ';' before ','
d:\source-sdk-2011\src\game\gamepadui\gamepadui_savegame.cpp(206): error C2059: syntax error : ')'
d:\source-sdk-2011\src\game\gamepadui\gamepadui_savegame.cpp(285): error C2664: 'qsort' : cannot convert parameter 4 from '`anonymous-namespace'::<lambda0>' to 'int (__cdecl *)(const void *,const void *)'
          No user-defined-conversion operator available that can perform this conversion, or the operator cannot be called
d:\source-sdk-2011\src\game\gamepadui\gamepadui_savegame.cpp(279): error C3499: a lambda that has been specified to have a void return type cannot return a value
d:\source-sdk-2011\src\game\gamepadui\gamepadui_savegame.cpp(281): error C3499: a lambda that has been specified to have a void return type cannot return a value
d:\source-sdk-2011\src\game\gamepadui\gamepadui_savegame.cpp(284): error C3499: a lambda that has been specified to have a void return type cannot return a value
d:\source-sdk-2011\src\game\gamepadui\gamepadui_newgame.cpp(55): warning C4481: nonstandard extension used: override specifier 'override'
d:\source-sdk-2011\src\game\gamepadui\gamepadui_newgame.cpp(56): warning C4481: nonstandard extension used: override specifier 'override'
d:\source-sdk-2011\src\game\gamepadui\gamepadui_newgame.cpp(62): warning C4481: nonstandard extension used: override specifier 'override'
d:\source-sdk-2011\src\game\gamepadui\gamepadui_newgame.cpp(72): error C2059: syntax error : '{'
d:\source-sdk-2011\src\game\gamepadui\gamepadui_newgame.cpp(72): error C2334: unexpected token(s) preceding '{'; skipping apparent function body
d:\source-sdk-2011\src\game\gamepadui\gamepadui_newgame.cpp(73): error C2059: syntax error : '{'
d:\source-sdk-2011\src\game\gamepadui\gamepadui_newgame.cpp(73): error C2334: unexpected token(s) preceding '{'; skipping apparent function body
d:\source-sdk-2011\src\game\gamepadui\gamepadui_newgame.cpp(74): error C2059: syntax error : '{'
d:\source-sdk-2011\src\game\gamepadui\gamepadui_newgame.cpp(74): error C2334: unexpected token(s) preceding '{'; skipping apparent function body
d:\source-sdk-2011\src\game\gamepadui\gamepadui_newgame.cpp(76): error C2864: 'GamepadUINewGamePanel::m_bCommentaryMode' : only static const integral data members can be initialized within a class
d:\source-sdk-2011\src\game\gamepadui\gamepadui_newgame.cpp(103): warning C4481: nonstandard extension used: override specifier 'override'
d:\source-sdk-2011\src\game\gamepadui\gamepadui_newgame.cpp(110): warning C4481: nonstandard extension used: override specifier 'override'
d:\source-sdk-2011\src\game\gamepadui\gamepadui_newgame.cpp(133): warning C4481: nonstandard extension used: override specifier 'override'
d:\source-sdk-2011\src\game\gamepadui\gamepadui_newgame.cpp(105): warning C4482: nonstandard extension used: enum 'ButtonStates::ButtonState' used in qualified name
d:\source-sdk-2011\src\game\gamepadui\gamepadui_newgame.cpp(296): warning C4482: nonstandard extension used: enum 'GradientSides::GradientSide' used in qualified name
d:\source-sdk-2011\src\game\gamepadui\gamepadui_newgame.cpp(296): error C2143: syntax error : missing ')' before '{'
d:\source-sdk-2011\src\game\gamepadui\gamepadui_newgame.cpp(296): error C2059: syntax error : ')'
d:\source-sdk-2011\src\game\gamepadui\gamepadui_newgame.cpp(296): error C2143: syntax error : missing ';' before '{'
d:\source-sdk-2011\src\game\gamepadui\gamepadui_newgame.cpp(296): error C2143: syntax error : missing ';' before '}'
d:\source-sdk-2011\src\game\gamepadui\gamepadui_newgame.cpp(296): error C2143: syntax error : missing ';' before ','
d:\source-sdk-2011\src\game\gamepadui\gamepadui_newgame.cpp(296): error C2059: syntax error : ')'
d:\source-sdk-2011\src\game\gamepadui\gamepadui_newgame.cpp(297): warning C4482: nonstandard extension used: enum 'GradientSides::GradientSide' used in qualified name
d:\source-sdk-2011\src\game\gamepadui\gamepadui_newgame.cpp(297): error C2143: syntax error : missing ')' before '{'
d:\source-sdk-2011\src\game\gamepadui\gamepadui_newgame.cpp(297): error C2059: syntax error : ')'
d:\source-sdk-2011\src\game\gamepadui\gamepadui_newgame.cpp(297): error C2143: syntax error : missing ';' before '{'
d:\source-sdk-2011\src\game\gamepadui\gamepadui_newgame.cpp(297): error C2143: syntax error : missing ';' before '}'
d:\source-sdk-2011\src\game\gamepadui\gamepadui_newgame.cpp(297): error C2143: syntax error : missing ';' before ','
d:\source-sdk-2011\src\game\gamepadui\gamepadui_newgame.cpp(297): error C2059: syntax error : ')'
d:\source-sdk-2011\src\game\gamepadui\gamepadui_options.cpp(69): warning C4481: nonstandard extension used: override specifier 'override'
d:\source-sdk-2011\src\game\gamepadui\gamepadui_options.cpp(70): warning C4481: nonstandard extension used: override specifier 'override'
d:\source-sdk-2011\src\game\gamepadui\gamepadui_options.cpp(72): warning C4481: nonstandard extension used: override specifier 'override'
d:\source-sdk-2011\src\game\gamepadui\gamepadui_options.cpp(74): warning C4481: nonstandard extension used: override specifier 'override'
d:\source-sdk-2011\src\game\gamepadui\gamepadui_options.cpp(80): warning C4481: nonstandard extension used: override specifier 'override'
d:\source-sdk-2011\src\game\gamepadui\gamepadui_options.cpp(105): error C2059: syntax error : '{'
d:\source-sdk-2011\src\game\gamepadui\gamepadui_options.cpp(105): error C2334: unexpected token(s) preceding '{'; skipping apparent function body
d:\source-sdk-2011\src\game\gamepadui\gamepadui_options.cpp(106): error C2059: syntax error : '{'
d:\source-sdk-2011\src\game\gamepadui\gamepadui_options.cpp(106): error C2334: unexpected token(s) preceding '{'; skipping apparent function body
d:\source-sdk-2011\src\game\gamepadui\gamepadui_options.cpp(107): error C2059: syntax error : '{'
d:\source-sdk-2011\src\game\gamepadui\gamepadui_options.cpp(107): error C2334: unexpected token(s) preceding '{'; skipping apparent function body
d:\source-sdk-2011\src\game\gamepadui\gamepadui_options.cpp(108): error C2059: syntax error : '{'
d:\source-sdk-2011\src\game\gamepadui\gamepadui_options.cpp(108): error C2334: unexpected token(s) preceding '{'; skipping apparent function body
d:\source-sdk-2011\src\game\gamepadui\gamepadui_options.cpp(109): error C2059: syntax error : '{'
d:\source-sdk-2011\src\game\gamepadui\gamepadui_options.cpp(109): error C2334: unexpected token(s) preceding '{'; skipping apparent function body
d:\source-sdk-2011\src\game\gamepadui\gamepadui_options.cpp(110): error C2059: syntax error : '{'
d:\source-sdk-2011\src\game\gamepadui\gamepadui_options.cpp(110): error C2334: unexpected token(s) preceding '{'; skipping apparent function body
d:\source-sdk-2011\src\game\gamepadui\gamepadui_options.cpp(158): error C2059: syntax error : '{'
d:\source-sdk-2011\src\game\gamepadui\gamepadui_options.cpp(158): error C2334: unexpected token(s) preceding '{'; skipping apparent function body
d:\source-sdk-2011\src\game\gamepadui\gamepadui_options.cpp(159): error C2059: syntax error : '{'
d:\source-sdk-2011\src\game\gamepadui\gamepadui_options.cpp(159): error C2334: unexpected token(s) preceding '{'; skipping apparent function body
d:\source-sdk-2011\src\game\gamepadui\gamepadui_options.cpp(192): warning C4481: nonstandard extension used: override specifier 'override'
d:\source-sdk-2011\src\game\gamepadui\gamepadui_options.cpp(218): warning C4481: nonstandard extension used: override specifier 'override'
d:\source-sdk-2011\src\game\gamepadui\gamepadui_options.cpp(227): warning C4481: nonstandard extension used: override specifier 'override'
d:\source-sdk-2011\src\game\gamepadui\gamepadui_options.cpp(252): warning C4481: nonstandard extension used: override specifier 'override'
d:\source-sdk-2011\src\game\gamepadui\gamepadui_options.cpp(317): error C2059: syntax error : '{'
d:\source-sdk-2011\src\game\gamepadui\gamepadui_options.cpp(317): error C2334: unexpected token(s) preceding '{'; skipping apparent function body
d:\source-sdk-2011\src\game\gamepadui\gamepadui_options.cpp(318): error C2059: syntax error : '{'
d:\source-sdk-2011\src\game\gamepadui\gamepadui_options.cpp(318): error C2334: unexpected token(s) preceding '{'; skipping apparent function body
d:\source-sdk-2011\src\game\gamepadui\gamepadui_options.cpp(320): error C2059: syntax error : '{'
d:\source-sdk-2011\src\game\gamepadui\gamepadui_options.cpp(320): error C2334: unexpected token(s) preceding '{'; skipping apparent function body
d:\source-sdk-2011\src\game\gamepadui\gamepadui_options.cpp(416): warning C4481: nonstandard extension used: override specifier 'override'
d:\source-sdk-2011\src\game\gamepadui\gamepadui_options.cpp(428): warning C4481: nonstandard extension used: override specifier 'override'
d:\source-sdk-2011\src\game\gamepadui\gamepadui_options.cpp(488): warning C4481: nonstandard extension used: override specifier 'override'
d:\source-sdk-2011\src\game\gamepadui\gamepadui_options.cpp(508): warning C4481: nonstandard extension used: override specifier 'override'
d:\source-sdk-2011\src\game\gamepadui\gamepadui_options.cpp(568): warning C4481: nonstandard extension used: override specifier 'override'
d:\source-sdk-2011\src\game\gamepadui\gamepadui_options.cpp(574): warning C4481: nonstandard extension used: override specifier 'override'
d:\source-sdk-2011\src\game\gamepadui\gamepadui_options.cpp(608): warning C4481: nonstandard extension used: override specifier 'override'
d:\source-sdk-2011\src\game\gamepadui\gamepadui_options.cpp(614): warning C4481: nonstandard extension used: override specifier 'override'
d:\source-sdk-2011\src\game\gamepadui\gamepadui_options.cpp(631): error C2059: syntax error : '{'
d:\source-sdk-2011\src\game\gamepadui\gamepadui_options.cpp(631): error C2334: unexpected token(s) preceding '{'; skipping apparent function body
d:\source-sdk-2011\src\game\gamepadui\gamepadui_options.cpp(632): error C2059: syntax error : '{'
d:\source-sdk-2011\src\game\gamepadui\gamepadui_options.cpp(632): error C2334: unexpected token(s) preceding '{'; skipping apparent function body
d:\source-sdk-2011\src\game\gamepadui\gamepadui_options.cpp(634): error C2059: syntax error : '{'
d:\source-sdk-2011\src\game\gamepadui\gamepadui_options.cpp(634): error C2334: unexpected token(s) preceding '{'; skipping apparent function body
d:\source-sdk-2011\src\game\gamepadui\gamepadui_options.cpp(635): error C2059: syntax error : '{'
d:\source-sdk-2011\src\game\gamepadui\gamepadui_options.cpp(635): error C2334: unexpected token(s) preceding '{'; skipping apparent function body
d:\source-sdk-2011\src\game\gamepadui\gamepadui_options.cpp(659): warning C4481: nonstandard extension used: override specifier 'override'
d:\source-sdk-2011\src\game\gamepadui\gamepadui_options.cpp(668): warning C4481: nonstandard extension used: override specifier 'override'
d:\source-sdk-2011\src\game\gamepadui\gamepadui_options.cpp(676): warning C4481: nonstandard extension used: override specifier 'override'
d:\source-sdk-2011\src\game\gamepadui\gamepadui_options.cpp(683): warning C4481: nonstandard extension used: override specifier 'override'
d:\source-sdk-2011\src\game\gamepadui\gamepadui_options.cpp(690): warning C4481: nonstandard extension used: override specifier 'override'
d:\source-sdk-2011\src\game\gamepadui\gamepadui_options.cpp(718): error C2059: syntax error : '{'
d:\source-sdk-2011\src\game\gamepadui\gamepadui_options.cpp(718): error C2334: unexpected token(s) preceding '{'; skipping apparent function body
d:\source-sdk-2011\src\game\gamepadui\gamepadui_options.cpp(719): error C2059: syntax error : '{'
d:\source-sdk-2011\src\game\gamepadui\gamepadui_options.cpp(719): error C2334: unexpected token(s) preceding '{'; skipping apparent function body
d:\source-sdk-2011\src\game\gamepadui\gamepadui_options.cpp(720): error C2059: syntax error : '{'
d:\source-sdk-2011\src\game\gamepadui\gamepadui_options.cpp(720): error C2334: unexpected token(s) preceding '{'; skipping apparent function body
d:\source-sdk-2011\src\game\gamepadui\gamepadui_options.cpp(721): error C2059: syntax error : '{'
d:\source-sdk-2011\src\game\gamepadui\gamepadui_options.cpp(721): error C2334: unexpected token(s) preceding '{'; skipping apparent function body
d:\source-sdk-2011\src\game\gamepadui\gamepadui_options.cpp(722): error C2059: syntax error : '{'
d:\source-sdk-2011\src\game\gamepadui\gamepadui_options.cpp(722): error C2334: unexpected token(s) preceding '{'; skipping apparent function body
d:\source-sdk-2011\src\game\gamepadui\gamepadui_options.cpp(670): warning C4482: nonstandard extension used: enum 'ButtonStates::ButtonState' used in qualified name
d:\source-sdk-2011\src\game\gamepadui\gamepadui_options.cpp(1262): warning C4482: nonstandard extension used: enum 'GradientSides::GradientSide' used in qualified name
d:\source-sdk-2011\src\game\gamepadui\gamepadui_options.cpp(1262): error C2143: syntax error : missing ')' before '{'
d:\source-sdk-2011\src\game\gamepadui\gamepadui_options.cpp(1262): error C2059: syntax error : ')'
d:\source-sdk-2011\src\game\gamepadui\gamepadui_options.cpp(1262): error C2143: syntax error : missing ';' before '{'
d:\source-sdk-2011\src\game\gamepadui\gamepadui_options.cpp(1262): fatal error C1003: error count exceeds 100; stopping compilation
